

Microchip MPLAB XC8 Assembler V3.10 build 20250813170317 
                                                                                               Tue May 19 15:00:53 2026

Microchip MPLAB XC8 C Compiler v3.10 (Free license) build 20250813170317 Og1 
     1                           	processor	16F1938
     2                           	pagewidth 120
     3                           	opt	flic
     4                           	psect	idataCOMMON,global,class=CODE,space=0,delta=2,noexec
     5                           	psect	cinit,global,class=CODE,space=0,merge=1,delta=2
     6                           	psect	dataCOMMON,global,class=COMMON,space=1,delta=1,noexec
     7                           	psect	cstackCOMMON,global,class=COMMON,space=1,delta=1,noexec
     8                           	psect	maintext,global,class=CODE,space=0,merge=1,split=1,delta=2
     9                           	psect	text1,local,class=CODE,space=0,merge=1,delta=2
    10                           	psect	text2,local,class=CODE,space=0,merge=1,delta=2
    11                           	psect	text3,local,class=CODE,space=0,merge=1,delta=2
    12                           	psect	text4,local,class=CODE,space=0,merge=1,delta=2
    13                           	psect	text5,local,class=CODE,space=0,merge=1,delta=2
    14                           	psect	text6,local,class=CODE,space=0,merge=1,delta=2
    15                           	psect	text7,local,class=CODE,space=0,merge=1,delta=2
    16                           	psect	config,global,abs,ovrld,class=CONFIG,space=4,delta=2,noexec
    17                           	dabs	1,0x7E,2
    18     0000                     
    19                           ; Generated 27/03/2025 GMT
    20                           ; 
    21                           ; Copyright © 2025, Microchip Technology Inc. and its subsidiaries ("Microchip")
    22                           ; All rights reserved.
    23                           ; 
    24                           ; This software is developed by Microchip Technology Inc. and its subsidiaries ("Microch
      +                          ip").
    25                           ; 
    26                           ; Redistribution and use in source and binary forms, with or without modification, are
    27                           ; permitted provided that the following conditions are met:
    28                           ; 
    29                           ;     1. Redistributions of source code must retain the above copyright notice, this lis
      +                          t of
    30                           ;        conditions and the following disclaimer.
    31                           ; 
    32                           ;     2. Redistributions in binary form must reproduce the above copyright notice, this 
      +                          list
    33                           ;        of conditions and the following disclaimer in the documentation and/or other
    34                           ;        materials provided with the distribution. Publication is not required when
    35                           ;        this file is used in an embedded application.
    36                           ; 
    37                           ;     3. Microchip's name may not be used to endorse or promote products derived from th
      +                          is
    38                           ;        software without specific prior written permission.
    39                           ; 
    40                           ; THIS SOFTWARE IS PROVIDED BY MICROCHIP "AS IS" AND ANY EXPRESS OR IMPLIED WARRANTIES,
    41                           ; INCLUDING, BUT NOT LIMITED TO, THE IMPLIED WARRANTIES OF MERCHANTABILITY AND FITNESS F
      +                          OR
    42                           ; PURPOSE ARE DISCLAIMED.  IN NO EVENT SHALL MICROCHIP BE LIABLE FOR ANY DIRECT, INDIREC
      +                          T,
    43                           ; INCIDENTAL, SPECIAL, EXEMPLARY, OR CONSEQUENTIAL DAMAGES (INCLUDING BUT NOT LIMITED TO
    44                           ; PROCUREMENT OF SUBSTITUTE GOODS OR SERVICES; LOSS OF USE, DATA OR PROFITS; OR BUSINESS
    45                           ; INTERRUPTION) HOWSOEVER CAUSED AND ON ANY THEORY OF LIABILITY, WHETHER IN CONTRACT, ST
      +                          RICT
    46                           ; LIABILITY, OR TORT (INCLUDING NEGLIGENCE OR OTHERWISE) ARISING IN ANY WAY OUT OF THE U
      +                          SE OF
    47                           ; THIS SOFTWARE, EVEN IF ADVISED OF THE POSSIBILITY OF SUCH DAMAGE.
    48                           ; 
    49                           ; 
    50                           ; Code-generator required, PIC16F1938 Definitions
    51                           ; 
    52                           ; SFR Addresses
    53     0008                     bsr             equ	8
    54     0005                     fsr0h           equ	5
    55     0004                     fsr0l           equ	4
    56     0007                     fsr1h           equ	7
    57     0006                     fsr1l           equ	6
    58     0000                     indf            equ	0
    59     0000                     indf0           equ	0
    60     0001                     indf1           equ	1
    61     000B                     intcon          equ	11
    62     0002                     pc              equ	2
    63     0002                     pcl             equ	2
    64     000A                     pclath          equ	10
    65     0003                     status          equ	3
    66     0009                     wreg            equ	9
    67     0000                     INDF0           equ	0	;# 
    68     0001                     INDF1           equ	1	;# 
    69     0002                     PCL             equ	2	;# 
    70     0003                     STATUS          equ	3	;# 
    71     0004                     FSR0L           equ	4	;# 
    72     0005                     FSR0H           equ	5	;# 
    73     0006                     FSR1L           equ	6	;# 
    74     0007                     FSR1H           equ	7	;# 
    75     0008                     BSR             equ	8	;# 
    76     0009                     WREG            equ	9	;# 
    77     000A                     PCLATH          equ	10	;# 
    78     000B                     INTCON          equ	11	;# 
    79     000C                     PORTA           equ	12	;# 
    80     000D                     PORTB           equ	13	;# 
    81     000E                     PORTC           equ	14	;# 
    82     0010                     PORTE           equ	16	;# 
    83     0011                     PIR1            equ	17	;# 
    84     0012                     PIR2            equ	18	;# 
    85     0013                     PIR3            equ	19	;# 
    86     0015                     TMR0            equ	21	;# 
    87     0016                     TMR1            equ	22	;# 
    88     0016                     TMR1L           equ	22	;# 
    89     0017                     TMR1H           equ	23	;# 
    90     0018                     T1CON           equ	24	;# 
    91     0019                     T1GCON          equ	25	;# 
    92     001A                     TMR2            equ	26	;# 
    93     001B                     PR2             equ	27	;# 
    94     001C                     T2CON           equ	28	;# 
    95     001E                     CPSCON0         equ	30	;# 
    96     001F                     CPSCON1         equ	31	;# 
    97     008C                     TRISA           equ	140	;# 
    98     008D                     TRISB           equ	141	;# 
    99     008E                     TRISC           equ	142	;# 
   100     0090                     TRISE           equ	144	;# 
   101     0091                     PIE1            equ	145	;# 
   102     0092                     PIE2            equ	146	;# 
   103     0093                     PIE3            equ	147	;# 
   104     0095                     OPTION_REG      equ	149	;# 
   105     0096                     PCON            equ	150	;# 
   106     0097                     WDTCON          equ	151	;# 
   107     0098                     OSCTUNE         equ	152	;# 
   108     0099                     OSCCON          equ	153	;# 
   109     009A                     OSCSTAT         equ	154	;# 
   110     009B                     ADRES           equ	155	;# 
   111     009B                     ADRESL          equ	155	;# 
   112     009C                     ADRESH          equ	156	;# 
   113     009D                     ADCON0          equ	157	;# 
   114     009E                     ADCON1          equ	158	;# 
   115     010C                     LATA            equ	268	;# 
   116     010D                     LATB            equ	269	;# 
   117     010E                     LATC            equ	270	;# 
   118     0110                     LATE            equ	272	;# 
   119     0111                     CM1CON0         equ	273	;# 
   120     0112                     CM1CON1         equ	274	;# 
   121     0113                     CM2CON0         equ	275	;# 
   122     0114                     CM2CON1         equ	276	;# 
   123     0115                     CMOUT           equ	277	;# 
   124     0116                     BORCON          equ	278	;# 
   125     0117                     FVRCON          equ	279	;# 
   126     0118                     DACCON0         equ	280	;# 
   127     0119                     DACCON1         equ	281	;# 
   128     011A                     SRCON0          equ	282	;# 
   129     011B                     SRCON1          equ	283	;# 
   130     011D                     APFCON          equ	285	;# 
   131     018C                     ANSELA          equ	396	;# 
   132     018D                     ANSELB          equ	397	;# 
   133     0191                     EEADR           equ	401	;# 
   134     0191                     EEADRL          equ	401	;# 
   135     0192                     EEADRH          equ	402	;# 
   136     0193                     EEDAT           equ	403	;# 
   137     0193                     EEDATL          equ	403	;# 
   138     0193                     EEDATA          equ	403	;# 
   139     0194                     EEDATH          equ	404	;# 
   140     0195                     EECON1          equ	405	;# 
   141     0196                     EECON2          equ	406	;# 
   142     0199                     RCREG           equ	409	;# 
   143     019A                     TXREG           equ	410	;# 
   144     019B                     SP1BRG          equ	411	;# 
   145     019B                     SP1BRGL         equ	411	;# 
   146     019B                     SPBRG           equ	411	;# 
   147     019B                     SPBRGL          equ	411	;# 
   148     019C                     SP1BRGH         equ	412	;# 
   149     019C                     SPBRGH          equ	412	;# 
   150     019D                     RCSTA           equ	413	;# 
   151     019E                     TXSTA           equ	414	;# 
   152     019F                     BAUDCON         equ	415	;# 
   153     020D                     WPUB            equ	525	;# 
   154     0210                     WPUE            equ	528	;# 
   155     0211                     SSPBUF          equ	529	;# 
   156     0212                     SSPADD          equ	530	;# 
   157     0213                     SSPMSK          equ	531	;# 
   158     0214                     SSPSTAT         equ	532	;# 
   159     0215                     SSPCON1         equ	533	;# 
   160     0215                     SSPCON          equ	533	;# 
   161     0216                     SSPCON2         equ	534	;# 
   162     0217                     SSPCON3         equ	535	;# 
   163     0291                     CCPR1           equ	657	;# 
   164     0291                     CCPR1L          equ	657	;# 
   165     0292                     CCPR1H          equ	658	;# 
   166     0293                     CCP1CON         equ	659	;# 
   167     0294                     PWM1CON         equ	660	;# 
   168     0295                     CCP1AS          equ	661	;# 
   169     0295                     ECCP1AS         equ	661	;# 
   170     0296                     PSTR1CON        equ	662	;# 
   171     0298                     CCPR2           equ	664	;# 
   172     0298                     CCPR2L          equ	664	;# 
   173     0299                     CCPR2H          equ	665	;# 
   174     029A                     CCP2CON         equ	666	;# 
   175     029B                     PWM2CON         equ	667	;# 
   176     029C                     CCP2AS          equ	668	;# 
   177     029C                     ECCP2AS         equ	668	;# 
   178     029D                     PSTR2CON        equ	669	;# 
   179     029E                     CCPTMRS0        equ	670	;# 
   180     029F                     CCPTMRS1        equ	671	;# 
   181     0311                     CCPR3           equ	785	;# 
   182     0311                     CCPR3L          equ	785	;# 
   183     0312                     CCPR3H          equ	786	;# 
   184     0313                     CCP3CON         equ	787	;# 
   185     0314                     PWM3CON         equ	788	;# 
   186     0315                     CCP3AS          equ	789	;# 
   187     0315                     ECCP3AS         equ	789	;# 
   188     0316                     PSTR3CON        equ	790	;# 
   189     0318                     CCPR4           equ	792	;# 
   190     0318                     CCPR4L          equ	792	;# 
   191     0319                     CCPR4H          equ	793	;# 
   192     031A                     CCP4CON         equ	794	;# 
   193     031C                     CCPR5           equ	796	;# 
   194     031C                     CCPR5L          equ	796	;# 
   195     031D                     CCPR5H          equ	797	;# 
   196     031E                     CCP5CON         equ	798	;# 
   197     0394                     IOCBP           equ	916	;# 
   198     0395                     IOCBN           equ	917	;# 
   199     0396                     IOCBF           equ	918	;# 
   200     0415                     TMR4            equ	1045	;# 
   201     0416                     PR4             equ	1046	;# 
   202     0417                     T4CON           equ	1047	;# 
   203     041C                     TMR6            equ	1052	;# 
   204     041D                     PR6             equ	1053	;# 
   205     041E                     T6CON           equ	1054	;# 
   206     0791                     LCDCON          equ	1937	;# 
   207     0792                     LCDPS           equ	1938	;# 
   208     0793                     LCDREF          equ	1939	;# 
   209     0794                     LCDCST          equ	1940	;# 
   210     0795                     LCDRL           equ	1941	;# 
   211     0798                     LCDSE0          equ	1944	;# 
   212     0799                     LCDSE1          equ	1945	;# 
   213     07A0                     LCDDATA0        equ	1952	;# 
   214     07A1                     LCDDATA1        equ	1953	;# 
   215     07A3                     LCDDATA3        equ	1955	;# 
   216     07A4                     LCDDATA4        equ	1956	;# 
   217     07A6                     LCDDATA6        equ	1958	;# 
   218     07A7                     LCDDATA7        equ	1959	;# 
   219     07A9                     LCDDATA9        equ	1961	;# 
   220     07AA                     LCDDATA10       equ	1962	;# 
   221     0FE4                     STATUS_SHAD     equ	4068	;# 
   222     0FE5                     WREG_SHAD       equ	4069	;# 
   223     0FE6                     BSR_SHAD        equ	4070	;# 
   224     0FE7                     PCLATH_SHAD     equ	4071	;# 
   225     0FE8                     FSR0L_SHAD      equ	4072	;# 
   226     0FE9                     FSR0H_SHAD      equ	4073	;# 
   227     0FEA                     FSR1L_SHAD      equ	4074	;# 
   228     0FEB                     FSR1H_SHAD      equ	4075	;# 
   229     0FED                     STKPTR          equ	4077	;# 
   230     0FEE                     TOSL            equ	4078	;# 
   231     0FEF                     TOSH            equ	4079	;# 
   232     0000                     INDF0           equ	0	;# 
   233     0001                     INDF1           equ	1	;# 
   234     0002                     PCL             equ	2	;# 
   235     0003                     STATUS          equ	3	;# 
   236     0004                     FSR0L           equ	4	;# 
   237     0005                     FSR0H           equ	5	;# 
   238     0006                     FSR1L           equ	6	;# 
   239     0007                     FSR1H           equ	7	;# 
   240     0008                     BSR             equ	8	;# 
   241     0009                     WREG            equ	9	;# 
   242     000A                     PCLATH          equ	10	;# 
   243     000B                     INTCON          equ	11	;# 
   244     000C                     PORTA           equ	12	;# 
   245     000D                     PORTB           equ	13	;# 
   246     000E                     PORTC           equ	14	;# 
   247     0010                     PORTE           equ	16	;# 
   248     0011                     PIR1            equ	17	;# 
   249     0012                     PIR2            equ	18	;# 
   250     0013                     PIR3            equ	19	;# 
   251     0015                     TMR0            equ	21	;# 
   252     0016                     TMR1            equ	22	;# 
   253     0016                     TMR1L           equ	22	;# 
   254     0017                     TMR1H           equ	23	;# 
   255     0018                     T1CON           equ	24	;# 
   256     0019                     T1GCON          equ	25	;# 
   257     001A                     TMR2            equ	26	;# 
   258     001B                     PR2             equ	27	;# 
   259     001C                     T2CON           equ	28	;# 
   260     001E                     CPSCON0         equ	30	;# 
   261     001F                     CPSCON1         equ	31	;# 
   262     008C                     TRISA           equ	140	;# 
   263     008D                     TRISB           equ	141	;# 
   264     008E                     TRISC           equ	142	;# 
   265     0090                     TRISE           equ	144	;# 
   266     0091                     PIE1            equ	145	;# 
   267     0092                     PIE2            equ	146	;# 
   268     0093                     PIE3            equ	147	;# 
   269     0095                     OPTION_REG      equ	149	;# 
   270     0096                     PCON            equ	150	;# 
   271     0097                     WDTCON          equ	151	;# 
   272     0098                     OSCTUNE         equ	152	;# 
   273     0099                     OSCCON          equ	153	;# 
   274     009A                     OSCSTAT         equ	154	;# 
   275     009B                     ADRES           equ	155	;# 
   276     009B                     ADRESL          equ	155	;# 
   277     009C                     ADRESH          equ	156	;# 
   278     009D                     ADCON0          equ	157	;# 
   279     009E                     ADCON1          equ	158	;# 
   280     010C                     LATA            equ	268	;# 
   281     010D                     LATB            equ	269	;# 
   282     010E                     LATC            equ	270	;# 
   283     0110                     LATE            equ	272	;# 
   284     0111                     CM1CON0         equ	273	;# 
   285     0112                     CM1CON1         equ	274	;# 
   286     0113                     CM2CON0         equ	275	;# 
   287     0114                     CM2CON1         equ	276	;# 
   288     0115                     CMOUT           equ	277	;# 
   289     0116                     BORCON          equ	278	;# 
   290     0117                     FVRCON          equ	279	;# 
   291     0118                     DACCON0         equ	280	;# 
   292     0119                     DACCON1         equ	281	;# 
   293     011A                     SRCON0          equ	282	;# 
   294     011B                     SRCON1          equ	283	;# 
   295     011D                     APFCON          equ	285	;# 
   296     018C                     ANSELA          equ	396	;# 
   297     018D                     ANSELB          equ	397	;# 
   298     0191                     EEADR           equ	401	;# 
   299     0191                     EEADRL          equ	401	;# 
   300     0192                     EEADRH          equ	402	;# 
   301     0193                     EEDAT           equ	403	;# 
   302     0193                     EEDATL          equ	403	;# 
   303     0193                     EEDATA          equ	403	;# 
   304     0194                     EEDATH          equ	404	;# 
   305     0195                     EECON1          equ	405	;# 
   306     0196                     EECON2          equ	406	;# 
   307     0199                     RCREG           equ	409	;# 
   308     019A                     TXREG           equ	410	;# 
   309     019B                     SP1BRG          equ	411	;# 
   310     019B                     SP1BRGL         equ	411	;# 
   311     019B                     SPBRG           equ	411	;# 
   312     019B                     SPBRGL          equ	411	;# 
   313     019C                     SP1BRGH         equ	412	;# 
   314     019C                     SPBRGH          equ	412	;# 
   315     019D                     RCSTA           equ	413	;# 
   316     019E                     TXSTA           equ	414	;# 
   317     019F                     BAUDCON         equ	415	;# 
   318     020D                     WPUB            equ	525	;# 
   319     0210                     WPUE            equ	528	;# 
   320     0211                     SSPBUF          equ	529	;# 
   321     0212                     SSPADD          equ	530	;# 
   322     0213                     SSPMSK          equ	531	;# 
   323     0214                     SSPSTAT         equ	532	;# 
   324     0215                     SSPCON1         equ	533	;# 
   325     0215                     SSPCON          equ	533	;# 
   326     0216                     SSPCON2         equ	534	;# 
   327     0217                     SSPCON3         equ	535	;# 
   328     0291                     CCPR1           equ	657	;# 
   329     0291                     CCPR1L          equ	657	;# 
   330     0292                     CCPR1H          equ	658	;# 
   331     0293                     CCP1CON         equ	659	;# 
   332     0294                     PWM1CON         equ	660	;# 
   333     0295                     CCP1AS          equ	661	;# 
   334     0295                     ECCP1AS         equ	661	;# 
   335     0296                     PSTR1CON        equ	662	;# 
   336     0298                     CCPR2           equ	664	;# 
   337     0298                     CCPR2L          equ	664	;# 
   338     0299                     CCPR2H          equ	665	;# 
   339     029A                     CCP2CON         equ	666	;# 
   340     029B                     PWM2CON         equ	667	;# 
   341     029C                     CCP2AS          equ	668	;# 
   342     029C                     ECCP2AS         equ	668	;# 
   343     029D                     PSTR2CON        equ	669	;# 
   344     029E                     CCPTMRS0        equ	670	;# 
   345     029F                     CCPTMRS1        equ	671	;# 
   346     0311                     CCPR3           equ	785	;# 
   347     0311                     CCPR3L          equ	785	;# 
   348     0312                     CCPR3H          equ	786	;# 
   349     0313                     CCP3CON         equ	787	;# 
   350     0314                     PWM3CON         equ	788	;# 
   351     0315                     CCP3AS          equ	789	;# 
   352     0315                     ECCP3AS         equ	789	;# 
   353     0316                     PSTR3CON        equ	790	;# 
   354     0318                     CCPR4           equ	792	;# 
   355     0318                     CCPR4L          equ	792	;# 
   356     0319                     CCPR4H          equ	793	;# 
   357     031A                     CCP4CON         equ	794	;# 
   358     031C                     CCPR5           equ	796	;# 
   359     031C                     CCPR5L          equ	796	;# 
   360     031D                     CCPR5H          equ	797	;# 
   361     031E                     CCP5CON         equ	798	;# 
   362     0394                     IOCBP           equ	916	;# 
   363     0395                     IOCBN           equ	917	;# 
   364     0396                     IOCBF           equ	918	;# 
   365     0415                     TMR4            equ	1045	;# 
   366     0416                     PR4             equ	1046	;# 
   367     0417                     T4CON           equ	1047	;# 
   368     041C                     TMR6            equ	1052	;# 
   369     041D                     PR6             equ	1053	;# 
   370     041E                     T6CON           equ	1054	;# 
   371     0791                     LCDCON          equ	1937	;# 
   372     0792                     LCDPS           equ	1938	;# 
   373     0793                     LCDREF          equ	1939	;# 
   374     0794                     LCDCST          equ	1940	;# 
   375     0795                     LCDRL           equ	1941	;# 
   376     0798                     LCDSE0          equ	1944	;# 
   377     0799                     LCDSE1          equ	1945	;# 
   378     07A0                     LCDDATA0        equ	1952	;# 
   379     07A1                     LCDDATA1        equ	1953	;# 
   380     07A3                     LCDDATA3        equ	1955	;# 
   381     07A4                     LCDDATA4        equ	1956	;# 
   382     07A6                     LCDDATA6        equ	1958	;# 
   383     07A7                     LCDDATA7        equ	1959	;# 
   384     07A9                     LCDDATA9        equ	1961	;# 
   385     07AA                     LCDDATA10       equ	1962	;# 
   386     0FE4                     STATUS_SHAD     equ	4068	;# 
   387     0FE5                     WREG_SHAD       equ	4069	;# 
   388     0FE6                     BSR_SHAD        equ	4070	;# 
   389     0FE7                     PCLATH_SHAD     equ	4071	;# 
   390     0FE8                     FSR0L_SHAD      equ	4072	;# 
   391     0FE9                     FSR0H_SHAD      equ	4073	;# 
   392     0FEA                     FSR1L_SHAD      equ	4074	;# 
   393     0FEB                     FSR1H_SHAD      equ	4075	;# 
   394     0FED                     STKPTR          equ	4077	;# 
   395     0FEE                     TOSL            equ	4078	;# 
   396     0FEF                     TOSH            equ	4079	;# 
   397                           
   398                           	psect	idataCOMMON
   399     06E2                     __pidataCOMMON:
   400                           
   401                           ;initializer for _str
   402     06E2  3448               	retlw	72
   403     06E3  3465               	retlw	101
   404     06E4  346C               	retlw	108
   405     06E5  346C               	retlw	108
   406     06E6  346F               	retlw	111
   407     06E7  3400               	retlw	0
   408     0011                     _PIR1bits       set	17
   409     0099                     _OSCCON         set	153
   410     008E                     _TRISCbits      set	142
   411     0211                     _SSPBUF         set	529
   412     0216                     _SSPCON2bits    set	534
   413     0212                     _SSPADD         set	530
   414     0215                     _SSPCON1bits    set	533
   415     0214                     _SSPSTATbits    set	532
   416                           
   417                           	psect	cinit
   418     07ED                     start_initialization:	
   419                           ; #config settings
   420                           
   421     07ED                     __initialization:
   422                           
   423                           ; Initialize objects allocated to COMMON
   424     07ED  30E2               	movlw	low __pidataCOMMON
   425     07EE  0084               	movwf	4
   426     07EF  3086               	movlw	(high __pidataCOMMON)| (0+128)
   427     07F0  0085               	movwf	5
   428     07F1  0012               	moviw fsr0++
   429     07F2  00F0               	movwf	__pdataCOMMON& (0+127)
   430     07F3  0012               	moviw fsr0++
   431     07F4  00F1               	movwf	(__pdataCOMMON+1)& (0+127)
   432     07F5  0012               	moviw fsr0++
   433     07F6  00F2               	movwf	(__pdataCOMMON+2)& (0+127)
   434     07F7  0012               	moviw fsr0++
   435     07F8  00F3               	movwf	(__pdataCOMMON+3)& (0+127)
   436     07F9  0012               	moviw fsr0++
   437     07FA  00F4               	movwf	(__pdataCOMMON+4)& (0+127)
   438     07FB  0012               	moviw fsr0++
   439     07FC  00F5               	movwf	(__pdataCOMMON+5)& (0+127)
   440     07FD                     end_of_initialization:	
   441                           ;End of C runtime variable initialization code
   442                           
   443     07FD                     __end_of__initialization:
   444     07FD  0020               	movlb	0
   445     07FE  3187  2F38         	ljmp	_main	;jump to C main() function
   446                           
   447                           	psect	dataCOMMON
   448     0070                     __pdataCOMMON:
   449     0070                     _str:
   450     0070                     	ds	6
   451                           
   452                           	psect	cstackCOMMON
   453     0076                     __pcstackCOMMON:
   454     0076                     ?_I2C_Init:
   455     0076                     ?_I2C_Start:	
   456                           ; 1 bytes @ 0x0
   457                           
   458     0076                     ?_I2C_Write:	
   459                           ; 1 bytes @ 0x0
   460                           
   461     0076                     ?_I2C_Stop:	
   462                           ; 1 bytes @ 0x0
   463                           
   464     0076                     ?_write_Command:	
   465                           ; 1 bytes @ 0x0
   466                           
   467     0076                     ?_write_Data:	
   468                           ; 1 bytes @ 0x0
   469                           
   470     0076                     ?_LCD_Init:	
   471                           ; 1 bytes @ 0x0
   472                           
   473     0076                     ?_main:	
   474                           ; 1 bytes @ 0x0
   475                           
   476     0076                     I2C_Write@data:	
   477                           ; 1 bytes @ 0x0
   478                           
   479     0076                     ??_I2C_Init:	
   480                           ; 1 bytes @ 0x0
   481                           
   482     0076                     ??_I2C_Start:	
   483                           ; 1 bytes @ 0x0
   484                           
   485     0076                     ??_I2C_Write:	
   486                           ; 1 bytes @ 0x0
   487                           
   488     0076                     ??_I2C_Stop:	
   489                           ; 1 bytes @ 0x0
   490                           
   491                           
   492                           ; 1 bytes @ 0x0
   493     0076                     	ds	1
   494     0077                     write_Command@command:
   495     0077                     write_Data@data:	
   496                           ; 1 bytes @ 0x1
   497                           
   498     0077                     ??_write_Command:	
   499                           ; 1 bytes @ 0x1
   500                           
   501     0077                     ??_write_Data:	
   502                           ; 1 bytes @ 0x1
   503                           
   504                           
   505                           ; 1 bytes @ 0x1
   506     0077                     	ds	1
   507     0078                     ??_LCD_Init:
   508                           
   509                           ; 1 bytes @ 0x2
   510     0078                     	ds	2
   511     007A                     main@i:
   512     007A                     ??_main:	
   513                           ; 1 bytes @ 0x4
   514                           
   515                           
   516                           ; 1 bytes @ 0x4
   517     007A                     	ds	1
   518                           
   519                           	psect	maintext
   520     0738                     __pmaintext:	
   521 ;;
   522 ;;Main: autosize = 0, tempsize = 0, incstack = 0, save=0
   523 ;;
   524 ;; *************** function _main *****************
   525 ;; Defined at:
   526 ;;		line 109 in file "LCD_setting.c"
   527 ;; Parameters:    Size  Location     Type
   528 ;;		None
   529 ;; Auto vars:     Size  Location     Type
   530 ;;  i               1    4[COMMON] unsigned char 
   531 ;; Return value:  Size  Location     Type
   532 ;;                  1    wreg      void 
   533 ;; Registers used:
   534 ;;		wreg, fsr1l, fsr1h, status,2, status,0, pclath, cstack
   535 ;; Tracked objects:
   536 ;;		On entry : B1F/0
   537 ;;		On exit  : 0/0
   538 ;;		Unchanged: 0/0
   539 ;; Data sizes:     COMMON   BANK0   BANK1   BANK2   BANK3   BANK4   BANK5   BANK6   BANK7   BANK8   BANK9  BANK10  BANK1
      +1  BANK12
   540 ;;      Params:         0       0       0       0       0       0       0       0       0       0       0       0       
      +0       0
   541 ;;      Locals:         1       0       0       0       0       0       0       0       0       0       0       0       
      +0       0
   542 ;;      Temps:          0       0       0       0       0       0       0       0       0       0       0       0       
      +0       0
   543 ;;      Totals:         1       0       0       0       0       0       0       0       0       0       0       0       
      +0       0
   544 ;;Total ram usage:        1 bytes
   545 ;; Hardware stack levels required when called: 3
   546 ;; This function calls:
   547 ;;		_I2C_Init
   548 ;;		_LCD_Init
   549 ;;		_write_Command
   550 ;;		_write_Data
   551 ;; This function is called by:
   552 ;;		Startup code after reset
   553 ;; This function uses a non-reentrant model
   554 ;;
   555                           
   556     0738                     _main:	
   557                           ;psect for function _main
   558                           
   559     0738                     l679:	
   560                           ;incstack = 0
   561                           ; Regs used in _main: [wreg+fsr1l+fsr1h+status,2+status,0+pclath+cstack]
   562                           
   563                           
   564                           ;LCD_setting.c: 111:     OSCCON = 0b01110010;
   565     0738  3072               	movlw	114
   566     0739  0021               	movlb	1	; select bank1
   567     073A  0099               	movwf	25	;volatile
   568     073B                     l681:
   569                           
   570                           ;LCD_setting.c: 112:     I2C_Init();
   571     073B  3187  2702  3187   	fcall	_I2C_Init
   572                           
   573                           ;LCD_setting.c: 113:     LCD_Init();
   574     073E  3187  2771  3187   	fcall	_LCD_Init
   575     0741                     l683:
   576                           
   577                           ;LCD_setting.c: 115:     for(unsigned char i = 0; str[i] != '\0'; i++)
   578     0741  01FA               	clrf	main@i
   579     0742  2F4D               	goto	l689
   580     0743                     l685:
   581                           
   582                           ;LCD_setting.c: 116:     {;LCD_setting.c: 117:         write_Data(str[i]);
   583     0743  087A               	movf	main@i,w
   584     0744  3E70               	addlw	(low (_str| 0))& (0+255)
   585     0745  0086               	movwf	6
   586     0746  0187               	clrf	7
   587     0747  0801               	movf	1,w
   588     0748  3187  2724  3187   	fcall	_write_Data
   589     074B                     l687:
   590                           
   591                           ;LCD_setting.c: 118:     }
   592     074B  3001               	movlw	1
   593     074C  07FA               	addwf	main@i,f
   594     074D                     l689:
   595     074D  087A               	movf	main@i,w
   596     074E  3E70               	addlw	(low (_str| 0))& (0+255)
   597     074F  0086               	movwf	6
   598     0750  0187               	clrf	7
   599     0751  0801               	movf	1,w
   600     0752  1D03               	btfss	3,2
   601     0753  2F55               	goto	u41
   602     0754  2F56               	goto	u40
   603     0755                     u41:
   604     0755  2F43               	goto	l685
   605     0756                     u40:
   606     0756                     l691:
   607                           
   608                           ;LCD_setting.c: 119:     write_Command(0xC0);
   609     0756  30C0               	movlw	192
   610     0757  3187  2710  3187   	fcall	_write_Command
   611                           
   612                           ;LCD_setting.c: 120:     write_Data('W');
   613     075A  3057               	movlw	87
   614     075B  3187  2724  3187   	fcall	_write_Data
   615                           
   616                           ;LCD_setting.c: 121:     write_Data('o');
   617     075E  306F               	movlw	111
   618     075F  3187  2724  3187   	fcall	_write_Data
   619                           
   620                           ;LCD_setting.c: 122:     write_Data('r');
   621     0762  3072               	movlw	114
   622     0763  3187  2724  3187   	fcall	_write_Data
   623                           
   624                           ;LCD_setting.c: 123:     write_Data('l');
   625     0766  306C               	movlw	108
   626     0767  3187  2724  3187   	fcall	_write_Data
   627                           
   628                           ;LCD_setting.c: 124:     write_Data('d');
   629     076A  3064               	movlw	100
   630     076B  3187  2724  3187   	fcall	_write_Data
   631     076E                     l58:	
   632                           ;LCD_setting.c: 126:     while(1)
   633                           
   634     076E                     l59:	
   635                           ;LCD_setting.c: 127:     {;LCD_setting.c: 129:     }
   636                           
   637     076E  2F6E               	goto	l58
   638     076F  3180  2802         	ljmp	start
   639     0771                     __end_of_main:
   640                           
   641                           	psect	text1
   642     0724                     __ptext1:	
   643 ;; *************** function _write_Data *****************
   644 ;; Defined at:
   645 ;;		line 76 in file "LCD_setting.c"
   646 ;; Parameters:    Size  Location     Type
   647 ;;  data            1    wreg     unsigned char 
   648 ;; Auto vars:     Size  Location     Type
   649 ;;  data            1    1[COMMON] unsigned char 
   650 ;; Return value:  Size  Location     Type
   651 ;;                  1    wreg      void 
   652 ;; Registers used:
   653 ;;		wreg, status,2, status,0, pclath, cstack
   654 ;; Tracked objects:
   655 ;;		On entry : 0/0
   656 ;;		On exit  : 0/0
   657 ;;		Unchanged: 0/0
   658 ;; Data sizes:     COMMON   BANK0   BANK1   BANK2   BANK3   BANK4   BANK5   BANK6   BANK7   BANK8   BANK9  BANK10  BANK1
      +1  BANK12
   659 ;;      Params:         0       0       0       0       0       0       0       0       0       0       0       0       
      +0       0
   660 ;;      Locals:         1       0       0       0       0       0       0       0       0       0       0       0       
      +0       0
   661 ;;      Temps:          0       0       0       0       0       0       0       0       0       0       0       0       
      +0       0
   662 ;;      Totals:         1       0       0       0       0       0       0       0       0       0       0       0       
      +0       0
   663 ;;Total ram usage:        1 bytes
   664 ;; Hardware stack levels used: 1
   665 ;; Hardware stack levels required when called: 1
   666 ;; This function calls:
   667 ;;		_I2C_Start
   668 ;;		_I2C_Stop
   669 ;;		_I2C_Write
   670 ;; This function is called by:
   671 ;;		_main
   672 ;; This function uses a non-reentrant model
   673 ;;
   674                           
   675     0724                     _write_Data:	
   676                           ;psect for function _write_Data
   677                           
   678                           
   679                           ;incstack = 0
   680                           ; Regs used in _write_Data: [wreg+status,2+status,0+pclath+cstack]
   681                           ;write_Data@data stored from wreg
   682     0724  00F7               	movwf	write_Data@data
   683     0725                     l643:
   684                           
   685                           ;LCD_setting.c: 76: void write_Data(unsigned char data);LCD_setting.c: 77: {;LCD_setting
      +                          .c: 78:     I2C_Start();
   686     0725  3186  26E8  3187   	fcall	_I2C_Start
   687     0728                     l645:
   688                           
   689                           ;LCD_setting.c: 79:     I2C_Write(0x3E << 1);
   690     0728  307C               	movlw	124
   691     0729  3186  26F6  3187   	fcall	_I2C_Write
   692     072C                     l647:
   693                           
   694                           ;LCD_setting.c: 80:     I2C_Write(0x40);
   695     072C  3040               	movlw	64
   696     072D  3186  26F6  3187   	fcall	_I2C_Write
   697     0730                     l649:
   698                           
   699                           ;LCD_setting.c: 81:     I2C_Write(data);
   700     0730  0877               	movf	write_Data@data,w
   701     0731  3186  26F6  3187   	fcall	_I2C_Write
   702     0734                     l651:
   703                           
   704                           ;LCD_setting.c: 82:     I2C_Stop();
   705     0734  3186  26EF  3187   	fcall	_I2C_Stop
   706     0737                     l47:
   707     0737  0008               	return
   708     0738                     __end_of_write_Data:
   709                           
   710                           	psect	text2
   711     0771                     __ptext2:	
   712 ;; *************** function _LCD_Init *****************
   713 ;; Defined at:
   714 ;;		line 86 in file "LCD_setting.c"
   715 ;; Parameters:    Size  Location     Type
   716 ;;		None
   717 ;; Auto vars:     Size  Location     Type
   718 ;;		None
   719 ;; Return value:  Size  Location     Type
   720 ;;                  1    wreg      void 
   721 ;; Registers used:
   722 ;;		wreg, status,2, status,0, pclath, cstack
   723 ;; Tracked objects:
   724 ;;		On entry : 0/0
   725 ;;		On exit  : 0/0
   726 ;;		Unchanged: 0/0
   727 ;; Data sizes:     COMMON   BANK0   BANK1   BANK2   BANK3   BANK4   BANK5   BANK6   BANK7   BANK8   BANK9  BANK10  BANK1
      +1  BANK12
   728 ;;      Params:         0       0       0       0       0       0       0       0       0       0       0       0       
      +0       0
   729 ;;      Locals:         0       0       0       0       0       0       0       0       0       0       0       0       
      +0       0
   730 ;;      Temps:          2       0       0       0       0       0       0       0       0       0       0       0       
      +0       0
   731 ;;      Totals:         2       0       0       0       0       0       0       0       0       0       0       0       
      +0       0
   732 ;;Total ram usage:        2 bytes
   733 ;; Hardware stack levels used: 1
   734 ;; Hardware stack levels required when called: 2
   735 ;; This function calls:
   736 ;;		_write_Command
   737 ;; This function is called by:
   738 ;;		_main
   739 ;; This function uses a non-reentrant model
   740 ;;
   741                           
   742     0771                     _LCD_Init:	
   743                           ;psect for function _LCD_Init
   744                           
   745     0771                     l653:	
   746                           ;incstack = 0
   747                           ; Regs used in _LCD_Init: [wreg+status,2+status,0+pclath+cstack]
   748                           
   749                           
   750                           ;LCD_setting.c: 87:     _delay((unsigned long)((100)*(8000000UL/4000.0)));
   751     0771  3002               	movlw	2
   752     0772  00F9               	movwf	??_LCD_Init+1
   753     0773  3004               	movlw	4
   754     0774  00F8               	movwf	??_LCD_Init
   755     0775  30BA               	movlw	186
   756     0776                     u57:
   757     0776  0B89               	decfsz	9,f
   758     0777  2F76               	goto	u57
   759     0778  0BF8               	decfsz	??_LCD_Init,f
   760     0779  2F76               	goto	u57
   761     077A  0BF9               	decfsz	??_LCD_Init+1,f
   762     077B  2F76               	goto	u57
   763     077C  3200               	nop2
   764     077D                     l655:
   765                           
   766                           ;LCD_setting.c: 88:     write_Command(0x38);
   767     077D  3038               	movlw	56
   768     077E  3187  2710  3187   	fcall	_write_Command
   769     0781                     l657:
   770                           
   771                           ;LCD_setting.c: 89:     _delay((unsigned long)((30)*(8000000UL/4000.0)));
   772     0781  304E               	movlw	78
   773     0782  00F8               	movwf	??_LCD_Init
   774     0783  30EB               	movlw	235
   775     0784                     u67:
   776     0784  0B89               	decfsz	9,f
   777     0785  2F84               	goto	u67
   778     0786  0BF8               	decfsz	??_LCD_Init,f
   779     0787  2F84               	goto	u67
   780     0788  0000               	nop
   781                           
   782                           ;LCD_setting.c: 90:     write_Command(0x39);
   783     0789  3039               	movlw	57
   784     078A  3187  2710  3187   	fcall	_write_Command
   785     078D                     l659:
   786                           
   787                           ;LCD_setting.c: 91:     _delay((unsigned long)((30)*(8000000UL/4000.0)));
   788     078D  304E               	movlw	78
   789     078E  00F8               	movwf	??_LCD_Init
   790     078F  30EB               	movlw	235
   791     0790                     u77:
   792     0790  0B89               	decfsz	9,f
   793     0791  2F90               	goto	u77
   794     0792  0BF8               	decfsz	??_LCD_Init,f
   795     0793  2F90               	goto	u77
   796     0794  0000               	nop
   797     0795                     l661:
   798                           
   799                           ;LCD_setting.c: 92:     write_Command(0x14);
   800     0795  3014               	movlw	20
   801     0796  3187  2710  3187   	fcall	_write_Command
   802                           
   803                           ;LCD_setting.c: 93:     _delay((unsigned long)((30)*(8000000UL/4000.0)));
   804     0799  304E               	movlw	78
   805     079A  00F8               	movwf	??_LCD_Init
   806     079B  30EB               	movlw	235
   807     079C                     u87:
   808     079C  0B89               	decfsz	9,f
   809     079D  2F9C               	goto	u87
   810     079E  0BF8               	decfsz	??_LCD_Init,f
   811     079F  2F9C               	goto	u87
   812     07A0  0000               	nop
   813     07A1                     l663:
   814                           
   815                           ;LCD_setting.c: 94:     write_Command(0x73);
   816     07A1  3073               	movlw	115
   817     07A2  3187  2710  3187   	fcall	_write_Command
   818     07A5                     l665:
   819                           
   820                           ;LCD_setting.c: 95:     _delay((unsigned long)((30)*(8000000UL/4000.0)));
   821     07A5  304E               	movlw	78
   822     07A6  00F8               	movwf	??_LCD_Init
   823     07A7  30EB               	movlw	235
   824     07A8                     u97:
   825     07A8  0B89               	decfsz	9,f
   826     07A9  2FA8               	goto	u97
   827     07AA  0BF8               	decfsz	??_LCD_Init,f
   828     07AB  2FA8               	goto	u97
   829     07AC  0000               	nop
   830                           
   831                           ;LCD_setting.c: 96:     write_Command(0x5C);
   832     07AD  305C               	movlw	92
   833     07AE  3187  2710  3187   	fcall	_write_Command
   834     07B1                     l667:
   835                           
   836                           ;LCD_setting.c: 97:     _delay((unsigned long)((30)*(8000000UL/4000.0)));
   837     07B1  304E               	movlw	78
   838     07B2  00F8               	movwf	??_LCD_Init
   839     07B3  30EB               	movlw	235
   840     07B4                     u107:
   841     07B4  0B89               	decfsz	9,f
   842     07B5  2FB4               	goto	u107
   843     07B6  0BF8               	decfsz	??_LCD_Init,f
   844     07B7  2FB4               	goto	u107
   845     07B8  0000               	nop
   846     07B9                     l669:
   847                           
   848                           ;LCD_setting.c: 98:     write_Command(0x6C);
   849     07B9  306C               	movlw	108
   850     07BA  3187  2710  3187   	fcall	_write_Command
   851                           
   852                           ;LCD_setting.c: 99:     _delay((unsigned long)((250)*(8000000UL/4000.0)));
   853     07BD  3003               	movlw	3
   854     07BE  00F9               	movwf	??_LCD_Init+1
   855     07BF  308A               	movlw	138
   856     07C0  00F8               	movwf	??_LCD_Init
   857     07C1  3056               	movlw	86
   858     07C2                     u117:
   859     07C2  0B89               	decfsz	9,f
   860     07C3  2FC2               	goto	u117
   861     07C4  0BF8               	decfsz	??_LCD_Init,f
   862     07C5  2FC2               	goto	u117
   863     07C6  0BF9               	decfsz	??_LCD_Init+1,f
   864     07C7  2FC2               	goto	u117
   865     07C8                     l671:
   866                           
   867                           ;LCD_setting.c: 100:     write_Command(0x38);
   868     07C8  3038               	movlw	56
   869     07C9  3187  2710  3187   	fcall	_write_Command
   870     07CC                     l673:
   871                           
   872                           ;LCD_setting.c: 101:     _delay((unsigned long)((30)*(8000000UL/4000.0)));
   873     07CC  304E               	movlw	78
   874     07CD  00F8               	movwf	??_LCD_Init
   875     07CE  30EB               	movlw	235
   876     07CF                     u127:
   877     07CF  0B89               	decfsz	9,f
   878     07D0  2FCF               	goto	u127
   879     07D1  0BF8               	decfsz	??_LCD_Init,f
   880     07D2  2FCF               	goto	u127
   881     07D3  0000               	nop
   882                           
   883                           ;LCD_setting.c: 102:     write_Command(0x01);
   884     07D4  3001               	movlw	1
   885     07D5  3187  2710  3187   	fcall	_write_Command
   886     07D8                     l675:
   887                           
   888                           ;LCD_setting.c: 103:     _delay((unsigned long)((30)*(8000000UL/4000.0)));
   889     07D8  304E               	movlw	78
   890     07D9  00F8               	movwf	??_LCD_Init
   891     07DA  30EB               	movlw	235
   892     07DB                     u137:
   893     07DB  0B89               	decfsz	9,f
   894     07DC  2FDB               	goto	u137
   895     07DD  0BF8               	decfsz	??_LCD_Init,f
   896     07DE  2FDB               	goto	u137
   897     07DF  0000               	nop
   898     07E0                     l677:
   899                           
   900                           ;LCD_setting.c: 104:     write_Command(0x0C);
   901     07E0  300C               	movlw	12
   902     07E1  3187  2710  3187   	fcall	_write_Command
   903                           
   904                           ;LCD_setting.c: 105:     _delay((unsigned long)((30)*(8000000UL/4000.0)));
   905     07E4  304E               	movlw	78
   906     07E5  00F8               	movwf	??_LCD_Init
   907     07E6  30EB               	movlw	235
   908     07E7                     u147:
   909     07E7  0B89               	decfsz	9,f
   910     07E8  2FE7               	goto	u147
   911     07E9  0BF8               	decfsz	??_LCD_Init,f
   912     07EA  2FE7               	goto	u147
   913     07EB  0000               	nop
   914     07EC                     l50:
   915     07EC  0008               	return
   916     07ED                     __end_of_LCD_Init:
   917                           
   918                           	psect	text3
   919     0710                     __ptext3:	
   920 ;; *************** function _write_Command *****************
   921 ;; Defined at:
   922 ;;		line 67 in file "LCD_setting.c"
   923 ;; Parameters:    Size  Location     Type
   924 ;;  command         1    wreg     unsigned char 
   925 ;; Auto vars:     Size  Location     Type
   926 ;;  command         1    1[COMMON] unsigned char 
   927 ;; Return value:  Size  Location     Type
   928 ;;                  1    wreg      void 
   929 ;; Registers used:
   930 ;;		wreg, status,2, status,0, pclath, cstack
   931 ;; Tracked objects:
   932 ;;		On entry : 0/0
   933 ;;		On exit  : 0/0
   934 ;;		Unchanged: 0/0
   935 ;; Data sizes:     COMMON   BANK0   BANK1   BANK2   BANK3   BANK4   BANK5   BANK6   BANK7   BANK8   BANK9  BANK10  BANK1
      +1  BANK12
   936 ;;      Params:         0       0       0       0       0       0       0       0       0       0       0       0       
      +0       0
   937 ;;      Locals:         1       0       0       0       0       0       0       0       0       0       0       0       
      +0       0
   938 ;;      Temps:          0       0       0       0       0       0       0       0       0       0       0       0       
      +0       0
   939 ;;      Totals:         1       0       0       0       0       0       0       0       0       0       0       0       
      +0       0
   940 ;;Total ram usage:        1 bytes
   941 ;; Hardware stack levels used: 1
   942 ;; This function calls:
   943 ;;		_I2C_Start
   944 ;;		_I2C_Stop
   945 ;;		_I2C_Write
   946 ;; This function is called by:
   947 ;;		_LCD_Init
   948 ;;		_main
   949 ;; This function uses a non-reentrant model
   950 ;;
   951                           
   952     0710                     _write_Command:	
   953                           ;psect for function _write_Command
   954                           
   955                           
   956                           ;incstack = 0
   957                           ; Regs used in _write_Command: [wreg+status,2+status,0+pclath+cstack]
   958                           ;write_Command@command stored from wreg
   959     0710  00F7               	movwf	write_Command@command
   960     0711                     l625:
   961                           
   962                           ;LCD_setting.c: 67: void write_Command(unsigned char command);LCD_setting.c: 68: {;LCD_s
      +                          etting.c: 69:     I2C_Start();
   963     0711  3186  26E8  3187   	fcall	_I2C_Start
   964     0714                     l627:
   965                           
   966                           ;LCD_setting.c: 70:     I2C_Write(0x3E << 1);
   967     0714  307C               	movlw	124
   968     0715  3186  26F6  3187   	fcall	_I2C_Write
   969     0718                     l629:
   970                           
   971                           ;LCD_setting.c: 71:     I2C_Write(0x00);
   972     0718  3000               	movlw	0
   973     0719  3186  26F6  3187   	fcall	_I2C_Write
   974     071C                     l631:
   975                           
   976                           ;LCD_setting.c: 72:     I2C_Write(command);
   977     071C  0877               	movf	write_Command@command,w
   978     071D  3186  26F6  3187   	fcall	_I2C_Write
   979     0720                     l633:
   980                           
   981                           ;LCD_setting.c: 73:     I2C_Stop();
   982     0720  3186  26EF  3187   	fcall	_I2C_Stop
   983     0723                     l44:
   984     0723  0008               	return
   985     0724                     __end_of_write_Command:
   986                           
   987                           	psect	text4
   988     06F6                     __ptext4:	
   989 ;; *************** function _I2C_Write *****************
   990 ;; Defined at:
   991 ;;		line 43 in file "LCD_setting.c"
   992 ;; Parameters:    Size  Location     Type
   993 ;;  data            1    wreg     unsigned char 
   994 ;; Auto vars:     Size  Location     Type
   995 ;;  data            1    0[COMMON] unsigned char 
   996 ;; Return value:  Size  Location     Type
   997 ;;                  1    wreg      void 
   998 ;; Registers used:
   999 ;;		wreg
  1000 ;; Tracked objects:
  1001 ;;		On entry : 0/0
  1002 ;;		On exit  : 0/0
  1003 ;;		Unchanged: 0/0
  1004 ;; Data sizes:     COMMON   BANK0   BANK1   BANK2   BANK3   BANK4   BANK5   BANK6   BANK7   BANK8   BANK9  BANK10  BANK1
      +1  BANK12
  1005 ;;      Params:         0       0       0       0       0       0       0       0       0       0       0       0       
      +0       0
  1006 ;;      Locals:         1       0       0       0       0       0       0       0       0       0       0       0       
      +0       0
  1007 ;;      Temps:          0       0       0       0       0       0       0       0       0       0       0       0       
      +0       0
  1008 ;;      Totals:         1       0       0       0       0       0       0       0       0       0       0       0       
      +0       0
  1009 ;;Total ram usage:        1 bytes
  1010 ;; Hardware stack levels used: 1
  1011 ;; This function calls:
  1012 ;;		Nothing
  1013 ;; This function is called by:
  1014 ;;		_write_Command
  1015 ;;		_write_Data
  1016 ;; This function uses a non-reentrant model
  1017 ;;
  1018                           
  1019     06F6                     _I2C_Write:	
  1020                           ;psect for function _I2C_Write
  1021                           
  1022                           
  1023                           ;incstack = 0
  1024                           ; Regs used in _I2C_Write: [wreg]
  1025                           ;I2C_Write@data stored from wreg
  1026     06F6  00F6               	movwf	I2C_Write@data
  1027     06F7                     l619:
  1028     06F7  0020               	movlb	0	; select bank0
  1029     06F8  1191               	bcf	17,3	;volatile
  1030     06F9                     l621:
  1031     06F9  0876               	movf	I2C_Write@data,w
  1032     06FA  0024               	movlb	4	; select bank4
  1033     06FB  0091               	movwf	17	;volatile
  1034     06FC                     l32:
  1035     06FC  0020               	movlb	0	; select bank0
  1036     06FD  1D91               	btfss	17,3	;volatile
  1037     06FE  2F00               	goto	u21
  1038     06FF  2F01               	goto	u20
  1039     0700                     u21:
  1040     0700  2EFC               	goto	l32
  1041     0701                     u20:
  1042     0701                     l35:
  1043     0701  0008               	return
  1044     0702                     __end_of_I2C_Write:
  1045                           
  1046                           	psect	text5
  1047     06EF                     __ptext5:	
  1048 ;; *************** function _I2C_Stop *****************
  1049 ;; Defined at:
  1050 ;;		line 50 in file "LCD_setting.c"
  1051 ;; Parameters:    Size  Location     Type
  1052 ;;		None
  1053 ;; Auto vars:     Size  Location     Type
  1054 ;;		None
  1055 ;; Return value:  Size  Location     Type
  1056 ;;                  1    wreg      void 
  1057 ;; Registers used:
  1058 ;;		None
  1059 ;; Tracked objects:
  1060 ;;		On entry : 0/0
  1061 ;;		On exit  : 0/0
  1062 ;;		Unchanged: 0/0
  1063 ;; Data sizes:     COMMON   BANK0   BANK1   BANK2   BANK3   BANK4   BANK5   BANK6   BANK7   BANK8   BANK9  BANK10  BANK1
      +1  BANK12
  1064 ;;      Params:         0       0       0       0       0       0       0       0       0       0       0       0       
      +0       0
  1065 ;;      Locals:         0       0       0       0       0       0       0       0       0       0       0       0       
      +0       0
  1066 ;;      Temps:          0       0       0       0       0       0       0       0       0       0       0       0       
      +0       0
  1067 ;;      Totals:         0       0       0       0       0       0       0       0       0       0       0       0       
      +0       0
  1068 ;;Total ram usage:        0 bytes
  1069 ;; Hardware stack levels used: 1
  1070 ;; This function calls:
  1071 ;;		Nothing
  1072 ;; This function is called by:
  1073 ;;		_write_Command
  1074 ;;		_write_Data
  1075 ;; This function uses a non-reentrant model
  1076 ;;
  1077                           
  1078     06EF                     _I2C_Stop:	
  1079                           ;psect for function _I2C_Stop
  1080                           
  1081     06EF                     l623:	
  1082                           ;incstack = 0
  1083                           ; Regs used in _I2C_Stop: []
  1084                           
  1085     06EF  0024               	movlb	4	; select bank4
  1086     06F0  1516               	bsf	22,2	;volatile
  1087     06F1                     l38:
  1088     06F1  1916               	btfsc	22,2	;volatile
  1089     06F2  2EF4               	goto	u31
  1090     06F3  2EF5               	goto	u30
  1091     06F4                     u31:
  1092     06F4  2EF1               	goto	l38
  1093     06F5                     u30:
  1094     06F5                     l41:
  1095     06F5  0008               	return
  1096     06F6                     __end_of_I2C_Stop:
  1097                           
  1098                           	psect	text6
  1099     06E8                     __ptext6:	
  1100 ;; *************** function _I2C_Start *****************
  1101 ;; Defined at:
  1102 ;;		line 37 in file "LCD_setting.c"
  1103 ;; Parameters:    Size  Location     Type
  1104 ;;		None
  1105 ;; Auto vars:     Size  Location     Type
  1106 ;;		None
  1107 ;; Return value:  Size  Location     Type
  1108 ;;                  1    wreg      void 
  1109 ;; Registers used:
  1110 ;;		None
  1111 ;; Tracked objects:
  1112 ;;		On entry : 0/0
  1113 ;;		On exit  : 0/0
  1114 ;;		Unchanged: 0/0
  1115 ;; Data sizes:     COMMON   BANK0   BANK1   BANK2   BANK3   BANK4   BANK5   BANK6   BANK7   BANK8   BANK9  BANK10  BANK1
      +1  BANK12
  1116 ;;      Params:         0       0       0       0       0       0       0       0       0       0       0       0       
      +0       0
  1117 ;;      Locals:         0       0       0       0       0       0       0       0       0       0       0       0       
      +0       0
  1118 ;;      Temps:          0       0       0       0       0       0       0       0       0       0       0       0       
      +0       0
  1119 ;;      Totals:         0       0       0       0       0       0       0       0       0       0       0       0       
      +0       0
  1120 ;;Total ram usage:        0 bytes
  1121 ;; Hardware stack levels used: 1
  1122 ;; This function calls:
  1123 ;;		Nothing
  1124 ;; This function is called by:
  1125 ;;		_write_Command
  1126 ;;		_write_Data
  1127 ;; This function uses a non-reentrant model
  1128 ;;
  1129                           
  1130     06E8                     _I2C_Start:	
  1131                           ;psect for function _I2C_Start
  1132                           
  1133     06E8                     l617:	
  1134                           ;incstack = 0
  1135                           ; Regs used in _I2C_Start: []
  1136                           
  1137     06E8  0024               	movlb	4	; select bank4
  1138     06E9  1416               	bsf	22,0	;volatile
  1139     06EA                     l26:
  1140     06EA  1816               	btfsc	22,0	;volatile
  1141     06EB  2EED               	goto	u11
  1142     06EC  2EEE               	goto	u10
  1143     06ED                     u11:
  1144     06ED  2EEA               	goto	l26
  1145     06EE                     u10:
  1146     06EE                     l29:
  1147     06EE  0008               	return
  1148     06EF                     __end_of_I2C_Start:
  1149                           
  1150                           	psect	text7
  1151     0702                     __ptext7:	
  1152 ;; *************** function _I2C_Init *****************
  1153 ;; Defined at:
  1154 ;;		line 23 in file "LCD_setting.c"
  1155 ;; Parameters:    Size  Location     Type
  1156 ;;		None
  1157 ;; Auto vars:     Size  Location     Type
  1158 ;;		None
  1159 ;; Return value:  Size  Location     Type
  1160 ;;                  1    wreg      void 
  1161 ;; Registers used:
  1162 ;;		wreg, status,2, status,0
  1163 ;; Tracked objects:
  1164 ;;		On entry : 0/0
  1165 ;;		On exit  : 0/0
  1166 ;;		Unchanged: 0/0
  1167 ;; Data sizes:     COMMON   BANK0   BANK1   BANK2   BANK3   BANK4   BANK5   BANK6   BANK7   BANK8   BANK9  BANK10  BANK1
      +1  BANK12
  1168 ;;      Params:         0       0       0       0       0       0       0       0       0       0       0       0       
      +0       0
  1169 ;;      Locals:         0       0       0       0       0       0       0       0       0       0       0       0       
      +0       0
  1170 ;;      Temps:          0       0       0       0       0       0       0       0       0       0       0       0       
      +0       0
  1171 ;;      Totals:         0       0       0       0       0       0       0       0       0       0       0       0       
      +0       0
  1172 ;;Total ram usage:        0 bytes
  1173 ;; Hardware stack levels used: 1
  1174 ;; This function calls:
  1175 ;;		Nothing
  1176 ;; This function is called by:
  1177 ;;		_main
  1178 ;; This function uses a non-reentrant model
  1179 ;;
  1180                           
  1181     0702                     _I2C_Init:	
  1182                           ;psect for function _I2C_Init
  1183                           
  1184     0702                     l635:	
  1185                           ;incstack = 0
  1186                           ; Regs used in _I2C_Init: [wreg+status,2+status,0]
  1187                           
  1188                           
  1189                           ;LCD_setting.c: 25: 
  1190     0702  0021               	movlb	1	; select bank1
  1191     0703  158E               	bsf	14,3	;volatile
  1192                           
  1193                           ;LCD_setting.c: 26: void I2C_Write(unsigned char data)
  1194     0704  160E               	bsf	14,4	;volatile
  1195                           
  1196                           ;LCD_setting.c: 28:     PIR1bits.SSPIF = 0;
  1197     0705  0024               	movlb	4	; select bank4
  1198     0706  1794               	bsf	20,7	;volatile
  1199                           
  1200                           ;LCD_setting.c: 29:     SSPBUF = data;
  1201     0707  1314               	bcf	20,6	;volatile
  1202     0708                     l637:
  1203                           
  1204                           ;LCD_setting.c: 31: }
  1205     0708  0815               	movf	21,w	;volatile
  1206     0709  39F0               	andlw	-16
  1207     070A  3808               	iorlw	8
  1208     070B  0095               	movwf	21	;volatile
  1209     070C                     l639:
  1210                           
  1211                           ;LCD_setting.c: 32: 
  1212     070C  3013               	movlw	19
  1213     070D  0092               	movwf	18	;volatile
  1214     070E                     l641:
  1215                           
  1216                           ;LCD_setting.c: 34: {
  1217     070E  1695               	bsf	21,5	;volatile
  1218     070F                     l23:
  1219     070F  0008               	return
  1220     0710                     __end_of_I2C_Init:
  1221     0003                     ___latbits      equ	3
  1222     007E                     btemp           set	126	;btemp
  1223     007E                     btemp0          set	126
  1224     007F                     btemp1          set	127
  1225     007E                     wtemp0          set	126
  1226     007F                     wtemp0a         set	127
  1227     007F                     ttemp0a         set	127
  1228     0080                     ltemp0a         set	128
  1229                           
  1230                           	psect	config
  1231                           
  1232                           ;Config register CONFIG1 @ 0x8007
  1233                           ;	Oscillator Selection
  1234                           ;	FOSC = INTOSC, INTOSC oscillator: I/O function on CLKIN pin
  1235                           ;	Watchdog Timer Enable
  1236                           ;	WDTE = OFF, WDT disabled
  1237                           ;	Power-up Timer Enable
  1238                           ;	PWRTE = OFF, PWRT disabled
  1239                           ;	MCLR Pin Function Select
  1240                           ;	MCLRE = OFF, MCLR/VPP pin function is digital input
  1241                           ;	Flash Program Memory Code Protection
  1242                           ;	CP = OFF, Program memory code protection is disabled
  1243                           ;	Data Memory Code Protection
  1244                           ;	CPD = 0x1, unprogrammed default
  1245                           ;	Brown-out Reset Enable
  1246                           ;	BOREN = ON, Brown-out Reset enabled
  1247                           ;	Clock Out Enable
  1248                           ;	CLKOUTEN = OFF, CLKOUT function is disabled. I/O or oscillator function on the CLKOUT 
      +                          pin
  1249                           ;	Internal/External Switchover
  1250                           ;	IESO = OFF, Internal/External Switchover mode is disabled
  1251                           ;	Fail-Safe Clock Monitor Enable
  1252                           ;	FCMEN = OFF, Fail-Safe Clock Monitor is disabled
  1253     8007                     	org	32775
  1254     8007  0FA4               	dw	4004
  1255                           
  1256                           ;Config register CONFIG2 @ 0x8008
  1257                           ;	Flash Memory Self-Write Protection
  1258                           ;	WRT = 0x3, unprogrammed default
  1259                           ;	Voltage Regulator Capacitor Enable
  1260                           ;	VCAPEN = 0x3, unprogrammed default
  1261                           ;	PLL Enable
  1262                           ;	PLLEN = 0x1, unprogrammed default
  1263                           ;	Stack Overflow/Underflow Reset Enable
  1264                           ;	STVREN = 0x1, unprogrammed default
  1265                           ;	Brown-out Reset Voltage Selection
  1266                           ;	BORV = 0x1, unprogrammed default
  1267                           ;	Low-Voltage Programming Enable
  1268                           ;	LVP = OFF, High-voltage on MCLR/VPP must be used for programming
  1269     8008                     	org	32776
  1270     8008  1FFF               	dw	8191

Data Sizes:
    Strings     0
    Constant    0
    Data        6
    BSS         0
    Persistent  48
    Stack       0

Auto Spaces:
    Space          Size  Autos    Used
    COMMON           14      5      11
    BANK0            80      0       0
    BANK1            80      0       0
    BANK2            80      0       0
    BANK3            80      0       0
    BANK4            80      0       0
    BANK5            80      0       0
    BANK6            80      0       0
    BANK7            80      0       0
    BANK8            80      0       0
    BANK9            80      0       0
    BANK10           80      0       0
    BANK11           80      0       0
    BANK12           48      0       0

Pointer List with Targets:

    None.

Critical Paths under _main in COMMON

    _main->_LCD_Init
    _write_Data->_I2C_Write
    _LCD_Init->_write_Command
    _write_Command->_I2C_Write

Critical Paths under _main in BANK0

    None.

Critical Paths under _main in BANK1

    None.

Critical Paths under _main in BANK2

    None.

Critical Paths under _main in BANK3

    None.

Critical Paths under _main in BANK4

    None.

Critical Paths under _main in BANK5

    None.

Critical Paths under _main in BANK6

    None.

Critical Paths under _main in BANK7

    None.

Critical Paths under _main in BANK8

    None.

Critical Paths under _main in BANK9

    None.

Critical Paths under _main in BANK10

    None.

Critical Paths under _main in BANK11

    None.

Critical Paths under _main in BANK12

    None.

Call Graph Tables:

 ---------------------------------------------------------------------------------
 (Depth) Function   	        Calls       Base Space   Used Autos Params    Refs
 ---------------------------------------------------------------------------------
 (0) _main                                                 1     1      0     120
                                              4 COMMON     1     1      0
                           _I2C_Init
                           _LCD_Init
                      _write_Command
                         _write_Data
 ---------------------------------------------------------------------------------
 (1) _write_Data                                           1     1      0      30
                                              1 COMMON     1     1      0
                          _I2C_Start
                           _I2C_Stop
                          _I2C_Write
 ---------------------------------------------------------------------------------
 (1) _LCD_Init                                             2     2      0      30
                                              2 COMMON     2     2      0
                      _write_Command
 ---------------------------------------------------------------------------------
 (2) _write_Command                                        1     1      0      30
                                              1 COMMON     1     1      0
                          _I2C_Start
                           _I2C_Stop
                          _I2C_Write
 ---------------------------------------------------------------------------------
 (3) _I2C_Write                                            1     1      0      15
                                              0 COMMON     1     1      0
 ---------------------------------------------------------------------------------
 (3) _I2C_Stop                                             0     0      0       0
 ---------------------------------------------------------------------------------
 (3) _I2C_Start                                            0     0      0       0
 ---------------------------------------------------------------------------------
 (1) _I2C_Init                                             0     0      0       0
 ---------------------------------------------------------------------------------
 Estimated maximum stack depth 3
 ---------------------------------------------------------------------------------

 Call Graph Graphs:

 _main (ROOT)
   _I2C_Init
   _LCD_Init
     _write_Command
       _I2C_Start
       _I2C_Stop
       _I2C_Write
   _write_Command
   _write_Data
     _I2C_Start
     _I2C_Stop
     _I2C_Write

Address spaces:
Name               Size   Autos  Total    Usage
BITCOMMON           14      0       0      0.0%
BITBANK0            80      0       0      0.0%
BITBANK1            80      0       0      0.0%
BITBANK2            80      0       0      0.0%
BITBANK3            80      0       0      0.0%
BITBANK4            80      0       0      0.0%
BITBANK5            80      0       0      0.0%
BITBANK6            80      0       0      0.0%
BITBANK7            80      0       0      0.0%
BITBANK8            80      0       0      0.0%
BITBANK9            80      0       0      0.0%
BITBANK10           80      0       0      0.0%
BITBANK11           80      0       0      0.0%
BITBANK12           48      0       0      0.0%
BIGRAM            1008      0       0      0.0%
COMMON              14      5      11     78.6%
BANK0               80      0       0      0.0%
BANK1               80      0       0      0.0%
BANK2               80      0       0      0.0%
BANK3               80      0       0      0.0%
BANK4               80      0       0      0.0%
BANK5               80      0       0      0.0%
BANK6               80      0       0      0.0%
BANK7               80      0       0      0.0%
BANK8               80      0       0      0.0%
BANK9               80      0       0      0.0%
BANK10              80      0       0      0.0%
BANK11              80      0       0      0.0%
BANK12              48      0       0      0.0%
STACK                0      0       0      0.0%
DATA                 0      0      11      0.0%


Microchip Technology PIC Macro Assembler V3.10 build 20250813170317 
Symbol Table                                                                                   Tue May 19 15:00:53 2026

            _SSPSTATbits 0214                       l23 070F                       l32 06FC  
                     l41 06F5                       l26 06EA                       l50 07EC  
                     l35 0701                       l44 0723                       l29 06EE  
                     l38 06F1                       l47 0737                       l58 076E  
                     l59 076E                       u10 06EE                       u11 06ED  
                     u20 0701                       u21 0700                       u30 06F5  
                     u31 06F4                       u40 0756                       u41 0755  
                     u57 0776                       u67 0784                       u77 0790  
                     u87 079C                       u97 07A8                      l621 06F9  
                    l623 06EF                      l631 071C                      l641 070E  
                    l617 06E8                      l633 0720                      l625 0711  
                    l635 0702                      l619 06F7                      l627 0714  
                    l651 0734                      l643 0725                      l637 0708  
                    l629 0718                      l661 0795                      l653 0771  
                    l645 0728                      l639 070C                      l671 07C8  
                    l663 07A1                      l655 077D                      l647 072C  
                    l673 07CC                      l665 07A5                      l657 0781  
                    l649 0730                      l681 073B                      l675 07D8  
                    l667 07B1                      l659 078D                      l691 0756  
                    l683 0741                      l677 07E0                      l669 07B9  
                    l685 0743                      l687 074B                      l679 0738  
                    l689 074D                      u107 07B4                      u117 07C2  
                    u127 07CF                      u137 07DB                      u147 07E7  
                    _str 0070                      wreg 0009                     _main 0738  
       __end_of_I2C_Init 0710                     fsr0h 0005                     fsr1h 0007  
                   fsr0l 0004                     indf1 0001                     fsr1l 0006  
                   btemp 007E         __end_of_I2C_Stop 06F6                     start 0002  
       __end_of_LCD_Init 07ED                    ?_main 0076                    btemp0 007E  
                  btemp1 007F                    main@i 007A        __end_of_I2C_Start 06EF  
      __end_of_I2C_Write 0702                    status 0003                    wtemp0 007E  
        __initialization 07ED             __end_of_main 0771                   ??_main 007A  
                 _OSCCON 0099                   _SSPADD 0212                   _SSPBUF 0211  
           __pdataCOMMON 0070                ?_I2C_Init 0076                   ltemp0a 0080  
              ?_I2C_Stop 0076                   ttemp0a 007F                   wtemp0a 007F  
__end_of__initialization 07FD                ?_LCD_Init 0076           __pcstackCOMMON 0076  
             ??_I2C_Init 0076               ??_I2C_Stop 0076               ??_LCD_Init 0078  
             __pmaintext 0738            _write_Command 0710                _I2C_Start 06E8  
              _I2C_Write 06F6           ?_write_Command 0076                  __ptext1 0724  
                __ptext2 0771                  __ptext3 0710                  __ptext4 06F6  
                __ptext5 06EF                  __ptext6 06E8                  __ptext7 0702  
   end_of_initialization 07FD               ?_I2C_Start 0076               ?_I2C_Write 0076  
              _TRISCbits 008E               _write_Data 0724          ??_write_Command 0077  
          __pidataCOMMON 06E2      start_initialization 07ED     write_Command@command 0077  
            ??_I2C_Start 0076              ??_I2C_Write 0076                ___latbits 0003  
            ?_write_Data 0076                 _I2C_Init 0702                 _I2C_Stop 06EF  
               _LCD_Init 0771                 _PIR1bits 0011            I2C_Write@data 0076  
  __end_of_write_Command 0724           write_Data@data 0077             ??_write_Data 0077  
            _SSPCON1bits 0215              _SSPCON2bits 0216       __end_of_write_Data 0738  
