

Microchip MPLAB XC8 Assembler V3.10 build 20250813170317 
                                                                                               Wed Jun 17 15:34:20 2026

Microchip MPLAB XC8 C Compiler v3.10 (Free license) build 20250813170317 Og1 
     1                           	processor	16F1938
     2                           	pagewidth 120
     3                           	opt	flic
     4                           	psect	idataBANK0,global,class=CODE,space=0,delta=2,noexec
     5                           	psect	cinit,global,class=CODE,space=0,merge=1,delta=2
     6                           	psect	bssCOMMON,global,class=COMMON,space=1,delta=1,noexec
     7                           	psect	dataBANK0,global,class=BANK0,space=1,delta=1,noexec
     8                           	psect	inittext,global,class=CODE,space=0,delta=2
     9                           	psect	cstackCOMMON,global,class=COMMON,space=1,delta=1,noexec
    10                           	psect	maintext,global,class=CODE,space=0,merge=1,split=1,delta=2
    11                           	psect	text1,local,class=CODE,space=0,merge=1,delta=2
    12                           	psect	text2,local,class=CODE,space=0,merge=1,delta=2
    13                           	psect	text3,local,class=CODE,space=0,merge=1,delta=2
    14                           	psect	config,global,abs,ovrld,class=CONFIG,space=4,delta=2,noexec
    15                           	dabs	1,0x7E,2
    16     0000                     
    17                           ; Generated 27/03/2025 GMT
    18                           ; 
    19                           ; Copyright © 2025, Microchip Technology Inc. and its subsidiaries ("Microchip")
    20                           ; All rights reserved.
    21                           ; 
    22                           ; This software is developed by Microchip Technology Inc. and its subsidiaries ("Microch
      +                          ip").
    23                           ; 
    24                           ; Redistribution and use in source and binary forms, with or without modification, are
    25                           ; permitted provided that the following conditions are met:
    26                           ; 
    27                           ;     1. Redistributions of source code must retain the above copyright notice, this lis
      +                          t of
    28                           ;        conditions and the following disclaimer.
    29                           ; 
    30                           ;     2. Redistributions in binary form must reproduce the above copyright notice, this 
      +                          list
    31                           ;        of conditions and the following disclaimer in the documentation and/or other
    32                           ;        materials provided with the distribution. Publication is not required when
    33                           ;        this file is used in an embedded application.
    34                           ; 
    35                           ;     3. Microchip's name may not be used to endorse or promote products derived from th
      +                          is
    36                           ;        software without specific prior written permission.
    37                           ; 
    38                           ; THIS SOFTWARE IS PROVIDED BY MICROCHIP "AS IS" AND ANY EXPRESS OR IMPLIED WARRANTIES,
    39                           ; INCLUDING, BUT NOT LIMITED TO, THE IMPLIED WARRANTIES OF MERCHANTABILITY AND FITNESS F
      +                          OR
    40                           ; PURPOSE ARE DISCLAIMED.  IN NO EVENT SHALL MICROCHIP BE LIABLE FOR ANY DIRECT, INDIREC
      +                          T,
    41                           ; INCIDENTAL, SPECIAL, EXEMPLARY, OR CONSEQUENTIAL DAMAGES (INCLUDING BUT NOT LIMITED TO
    42                           ; PROCUREMENT OF SUBSTITUTE GOODS OR SERVICES; LOSS OF USE, DATA OR PROFITS; OR BUSINESS
    43                           ; INTERRUPTION) HOWSOEVER CAUSED AND ON ANY THEORY OF LIABILITY, WHETHER IN CONTRACT, ST
      +                          RICT
    44                           ; LIABILITY, OR TORT (INCLUDING NEGLIGENCE OR OTHERWISE) ARISING IN ANY WAY OUT OF THE U
      +                          SE OF
    45                           ; THIS SOFTWARE, EVEN IF ADVISED OF THE POSSIBILITY OF SUCH DAMAGE.
    46                           ; 
    47                           ; 
    48                           ; Code-generator required, PIC16F1938 Definitions
    49                           ; 
    50                           ; SFR Addresses
    51     0008                     bsr             equ	8
    52     0005                     fsr0h           equ	5
    53     0004                     fsr0l           equ	4
    54     0007                     fsr1h           equ	7
    55     0006                     fsr1l           equ	6
    56     0000                     indf            equ	0
    57     0000                     indf0           equ	0
    58     0001                     indf1           equ	1
    59     000B                     intcon          equ	11
    60     0002                     pc              equ	2
    61     0002                     pcl             equ	2
    62     000A                     pclath          equ	10
    63     0003                     status          equ	3
    64     0009                     wreg            equ	9
    65     0000                     INDF0           equ	0	;# 
    66     0001                     INDF1           equ	1	;# 
    67     0002                     PCL             equ	2	;# 
    68     0003                     STATUS          equ	3	;# 
    69     0004                     FSR0L           equ	4	;# 
    70     0005                     FSR0H           equ	5	;# 
    71     0006                     FSR1L           equ	6	;# 
    72     0007                     FSR1H           equ	7	;# 
    73     0008                     BSR             equ	8	;# 
    74     0009                     WREG            equ	9	;# 
    75     000A                     PCLATH          equ	10	;# 
    76     000B                     INTCON          equ	11	;# 
    77     000C                     PORTA           equ	12	;# 
    78     000D                     PORTB           equ	13	;# 
    79     000E                     PORTC           equ	14	;# 
    80     0010                     PORTE           equ	16	;# 
    81     0011                     PIR1            equ	17	;# 
    82     0012                     PIR2            equ	18	;# 
    83     0013                     PIR3            equ	19	;# 
    84     0015                     TMR0            equ	21	;# 
    85     0016                     TMR1            equ	22	;# 
    86     0016                     TMR1L           equ	22	;# 
    87     0017                     TMR1H           equ	23	;# 
    88     0018                     T1CON           equ	24	;# 
    89     0019                     T1GCON          equ	25	;# 
    90     001A                     TMR2            equ	26	;# 
    91     001B                     PR2             equ	27	;# 
    92     001C                     T2CON           equ	28	;# 
    93     001E                     CPSCON0         equ	30	;# 
    94     001F                     CPSCON1         equ	31	;# 
    95     008C                     TRISA           equ	140	;# 
    96     008D                     TRISB           equ	141	;# 
    97     008E                     TRISC           equ	142	;# 
    98     0090                     TRISE           equ	144	;# 
    99     0091                     PIE1            equ	145	;# 
   100     0092                     PIE2            equ	146	;# 
   101     0093                     PIE3            equ	147	;# 
   102     0095                     OPTION_REG      equ	149	;# 
   103     0096                     PCON            equ	150	;# 
   104     0097                     WDTCON          equ	151	;# 
   105     0098                     OSCTUNE         equ	152	;# 
   106     0099                     OSCCON          equ	153	;# 
   107     009A                     OSCSTAT         equ	154	;# 
   108     009B                     ADRES           equ	155	;# 
   109     009B                     ADRESL          equ	155	;# 
   110     009C                     ADRESH          equ	156	;# 
   111     009D                     ADCON0          equ	157	;# 
   112     009E                     ADCON1          equ	158	;# 
   113     010C                     LATA            equ	268	;# 
   114     010D                     LATB            equ	269	;# 
   115     010E                     LATC            equ	270	;# 
   116     0110                     LATE            equ	272	;# 
   117     0111                     CM1CON0         equ	273	;# 
   118     0112                     CM1CON1         equ	274	;# 
   119     0113                     CM2CON0         equ	275	;# 
   120     0114                     CM2CON1         equ	276	;# 
   121     0115                     CMOUT           equ	277	;# 
   122     0116                     BORCON          equ	278	;# 
   123     0117                     FVRCON          equ	279	;# 
   124     0118                     DACCON0         equ	280	;# 
   125     0119                     DACCON1         equ	281	;# 
   126     011A                     SRCON0          equ	282	;# 
   127     011B                     SRCON1          equ	283	;# 
   128     011D                     APFCON          equ	285	;# 
   129     018C                     ANSELA          equ	396	;# 
   130     018D                     ANSELB          equ	397	;# 
   131     0191                     EEADR           equ	401	;# 
   132     0191                     EEADRL          equ	401	;# 
   133     0192                     EEADRH          equ	402	;# 
   134     0193                     EEDAT           equ	403	;# 
   135     0193                     EEDATL          equ	403	;# 
   136     0193                     EEDATA          equ	403	;# 
   137     0194                     EEDATH          equ	404	;# 
   138     0195                     EECON1          equ	405	;# 
   139     0196                     EECON2          equ	406	;# 
   140     0199                     RCREG           equ	409	;# 
   141     019A                     TXREG           equ	410	;# 
   142     019B                     SP1BRG          equ	411	;# 
   143     019B                     SP1BRGL         equ	411	;# 
   144     019B                     SPBRG           equ	411	;# 
   145     019B                     SPBRGL          equ	411	;# 
   146     019C                     SP1BRGH         equ	412	;# 
   147     019C                     SPBRGH          equ	412	;# 
   148     019D                     RCSTA           equ	413	;# 
   149     019E                     TXSTA           equ	414	;# 
   150     019F                     BAUDCON         equ	415	;# 
   151     020D                     WPUB            equ	525	;# 
   152     0210                     WPUE            equ	528	;# 
   153     0211                     SSPBUF          equ	529	;# 
   154     0212                     SSPADD          equ	530	;# 
   155     0213                     SSPMSK          equ	531	;# 
   156     0214                     SSPSTAT         equ	532	;# 
   157     0215                     SSPCON1         equ	533	;# 
   158     0215                     SSPCON          equ	533	;# 
   159     0216                     SSPCON2         equ	534	;# 
   160     0217                     SSPCON3         equ	535	;# 
   161     0291                     CCPR1           equ	657	;# 
   162     0291                     CCPR1L          equ	657	;# 
   163     0292                     CCPR1H          equ	658	;# 
   164     0293                     CCP1CON         equ	659	;# 
   165     0294                     PWM1CON         equ	660	;# 
   166     0295                     CCP1AS          equ	661	;# 
   167     0295                     ECCP1AS         equ	661	;# 
   168     0296                     PSTR1CON        equ	662	;# 
   169     0298                     CCPR2           equ	664	;# 
   170     0298                     CCPR2L          equ	664	;# 
   171     0299                     CCPR2H          equ	665	;# 
   172     029A                     CCP2CON         equ	666	;# 
   173     029B                     PWM2CON         equ	667	;# 
   174     029C                     CCP2AS          equ	668	;# 
   175     029C                     ECCP2AS         equ	668	;# 
   176     029D                     PSTR2CON        equ	669	;# 
   177     029E                     CCPTMRS0        equ	670	;# 
   178     029F                     CCPTMRS1        equ	671	;# 
   179     0311                     CCPR3           equ	785	;# 
   180     0311                     CCPR3L          equ	785	;# 
   181     0312                     CCPR3H          equ	786	;# 
   182     0313                     CCP3CON         equ	787	;# 
   183     0314                     PWM3CON         equ	788	;# 
   184     0315                     CCP3AS          equ	789	;# 
   185     0315                     ECCP3AS         equ	789	;# 
   186     0316                     PSTR3CON        equ	790	;# 
   187     0318                     CCPR4           equ	792	;# 
   188     0318                     CCPR4L          equ	792	;# 
   189     0319                     CCPR4H          equ	793	;# 
   190     031A                     CCP4CON         equ	794	;# 
   191     031C                     CCPR5           equ	796	;# 
   192     031C                     CCPR5L          equ	796	;# 
   193     031D                     CCPR5H          equ	797	;# 
   194     031E                     CCP5CON         equ	798	;# 
   195     0394                     IOCBP           equ	916	;# 
   196     0395                     IOCBN           equ	917	;# 
   197     0396                     IOCBF           equ	918	;# 
   198     0415                     TMR4            equ	1045	;# 
   199     0416                     PR4             equ	1046	;# 
   200     0417                     T4CON           equ	1047	;# 
   201     041C                     TMR6            equ	1052	;# 
   202     041D                     PR6             equ	1053	;# 
   203     041E                     T6CON           equ	1054	;# 
   204     0791                     LCDCON          equ	1937	;# 
   205     0792                     LCDPS           equ	1938	;# 
   206     0793                     LCDREF          equ	1939	;# 
   207     0794                     LCDCST          equ	1940	;# 
   208     0795                     LCDRL           equ	1941	;# 
   209     0798                     LCDSE0          equ	1944	;# 
   210     0799                     LCDSE1          equ	1945	;# 
   211     07A0                     LCDDATA0        equ	1952	;# 
   212     07A1                     LCDDATA1        equ	1953	;# 
   213     07A3                     LCDDATA3        equ	1955	;# 
   214     07A4                     LCDDATA4        equ	1956	;# 
   215     07A6                     LCDDATA6        equ	1958	;# 
   216     07A7                     LCDDATA7        equ	1959	;# 
   217     07A9                     LCDDATA9        equ	1961	;# 
   218     07AA                     LCDDATA10       equ	1962	;# 
   219     0FE4                     STATUS_SHAD     equ	4068	;# 
   220     0FE5                     WREG_SHAD       equ	4069	;# 
   221     0FE6                     BSR_SHAD        equ	4070	;# 
   222     0FE7                     PCLATH_SHAD     equ	4071	;# 
   223     0FE8                     FSR0L_SHAD      equ	4072	;# 
   224     0FE9                     FSR0H_SHAD      equ	4073	;# 
   225     0FEA                     FSR1L_SHAD      equ	4074	;# 
   226     0FEB                     FSR1H_SHAD      equ	4075	;# 
   227     0FED                     STKPTR          equ	4077	;# 
   228     0FEE                     TOSL            equ	4078	;# 
   229     0FEF                     TOSH            equ	4079	;# 
   230     0000                     INDF0           equ	0	;# 
   231     0001                     INDF1           equ	1	;# 
   232     0002                     PCL             equ	2	;# 
   233     0003                     STATUS          equ	3	;# 
   234     0004                     FSR0L           equ	4	;# 
   235     0005                     FSR0H           equ	5	;# 
   236     0006                     FSR1L           equ	6	;# 
   237     0007                     FSR1H           equ	7	;# 
   238     0008                     BSR             equ	8	;# 
   239     0009                     WREG            equ	9	;# 
   240     000A                     PCLATH          equ	10	;# 
   241     000B                     INTCON          equ	11	;# 
   242     000C                     PORTA           equ	12	;# 
   243     000D                     PORTB           equ	13	;# 
   244     000E                     PORTC           equ	14	;# 
   245     0010                     PORTE           equ	16	;# 
   246     0011                     PIR1            equ	17	;# 
   247     0012                     PIR2            equ	18	;# 
   248     0013                     PIR3            equ	19	;# 
   249     0015                     TMR0            equ	21	;# 
   250     0016                     TMR1            equ	22	;# 
   251     0016                     TMR1L           equ	22	;# 
   252     0017                     TMR1H           equ	23	;# 
   253     0018                     T1CON           equ	24	;# 
   254     0019                     T1GCON          equ	25	;# 
   255     001A                     TMR2            equ	26	;# 
   256     001B                     PR2             equ	27	;# 
   257     001C                     T2CON           equ	28	;# 
   258     001E                     CPSCON0         equ	30	;# 
   259     001F                     CPSCON1         equ	31	;# 
   260     008C                     TRISA           equ	140	;# 
   261     008D                     TRISB           equ	141	;# 
   262     008E                     TRISC           equ	142	;# 
   263     0090                     TRISE           equ	144	;# 
   264     0091                     PIE1            equ	145	;# 
   265     0092                     PIE2            equ	146	;# 
   266     0093                     PIE3            equ	147	;# 
   267     0095                     OPTION_REG      equ	149	;# 
   268     0096                     PCON            equ	150	;# 
   269     0097                     WDTCON          equ	151	;# 
   270     0098                     OSCTUNE         equ	152	;# 
   271     0099                     OSCCON          equ	153	;# 
   272     009A                     OSCSTAT         equ	154	;# 
   273     009B                     ADRES           equ	155	;# 
   274     009B                     ADRESL          equ	155	;# 
   275     009C                     ADRESH          equ	156	;# 
   276     009D                     ADCON0          equ	157	;# 
   277     009E                     ADCON1          equ	158	;# 
   278     010C                     LATA            equ	268	;# 
   279     010D                     LATB            equ	269	;# 
   280     010E                     LATC            equ	270	;# 
   281     0110                     LATE            equ	272	;# 
   282     0111                     CM1CON0         equ	273	;# 
   283     0112                     CM1CON1         equ	274	;# 
   284     0113                     CM2CON0         equ	275	;# 
   285     0114                     CM2CON1         equ	276	;# 
   286     0115                     CMOUT           equ	277	;# 
   287     0116                     BORCON          equ	278	;# 
   288     0117                     FVRCON          equ	279	;# 
   289     0118                     DACCON0         equ	280	;# 
   290     0119                     DACCON1         equ	281	;# 
   291     011A                     SRCON0          equ	282	;# 
   292     011B                     SRCON1          equ	283	;# 
   293     011D                     APFCON          equ	285	;# 
   294     018C                     ANSELA          equ	396	;# 
   295     018D                     ANSELB          equ	397	;# 
   296     0191                     EEADR           equ	401	;# 
   297     0191                     EEADRL          equ	401	;# 
   298     0192                     EEADRH          equ	402	;# 
   299     0193                     EEDAT           equ	403	;# 
   300     0193                     EEDATL          equ	403	;# 
   301     0193                     EEDATA          equ	403	;# 
   302     0194                     EEDATH          equ	404	;# 
   303     0195                     EECON1          equ	405	;# 
   304     0196                     EECON2          equ	406	;# 
   305     0199                     RCREG           equ	409	;# 
   306     019A                     TXREG           equ	410	;# 
   307     019B                     SP1BRG          equ	411	;# 
   308     019B                     SP1BRGL         equ	411	;# 
   309     019B                     SPBRG           equ	411	;# 
   310     019B                     SPBRGL          equ	411	;# 
   311     019C                     SP1BRGH         equ	412	;# 
   312     019C                     SPBRGH          equ	412	;# 
   313     019D                     RCSTA           equ	413	;# 
   314     019E                     TXSTA           equ	414	;# 
   315     019F                     BAUDCON         equ	415	;# 
   316     020D                     WPUB            equ	525	;# 
   317     0210                     WPUE            equ	528	;# 
   318     0211                     SSPBUF          equ	529	;# 
   319     0212                     SSPADD          equ	530	;# 
   320     0213                     SSPMSK          equ	531	;# 
   321     0214                     SSPSTAT         equ	532	;# 
   322     0215                     SSPCON1         equ	533	;# 
   323     0215                     SSPCON          equ	533	;# 
   324     0216                     SSPCON2         equ	534	;# 
   325     0217                     SSPCON3         equ	535	;# 
   326     0291                     CCPR1           equ	657	;# 
   327     0291                     CCPR1L          equ	657	;# 
   328     0292                     CCPR1H          equ	658	;# 
   329     0293                     CCP1CON         equ	659	;# 
   330     0294                     PWM1CON         equ	660	;# 
   331     0295                     CCP1AS          equ	661	;# 
   332     0295                     ECCP1AS         equ	661	;# 
   333     0296                     PSTR1CON        equ	662	;# 
   334     0298                     CCPR2           equ	664	;# 
   335     0298                     CCPR2L          equ	664	;# 
   336     0299                     CCPR2H          equ	665	;# 
   337     029A                     CCP2CON         equ	666	;# 
   338     029B                     PWM2CON         equ	667	;# 
   339     029C                     CCP2AS          equ	668	;# 
   340     029C                     ECCP2AS         equ	668	;# 
   341     029D                     PSTR2CON        equ	669	;# 
   342     029E                     CCPTMRS0        equ	670	;# 
   343     029F                     CCPTMRS1        equ	671	;# 
   344     0311                     CCPR3           equ	785	;# 
   345     0311                     CCPR3L          equ	785	;# 
   346     0312                     CCPR3H          equ	786	;# 
   347     0313                     CCP3CON         equ	787	;# 
   348     0314                     PWM3CON         equ	788	;# 
   349     0315                     CCP3AS          equ	789	;# 
   350     0315                     ECCP3AS         equ	789	;# 
   351     0316                     PSTR3CON        equ	790	;# 
   352     0318                     CCPR4           equ	792	;# 
   353     0318                     CCPR4L          equ	792	;# 
   354     0319                     CCPR4H          equ	793	;# 
   355     031A                     CCP4CON         equ	794	;# 
   356     031C                     CCPR5           equ	796	;# 
   357     031C                     CCPR5L          equ	796	;# 
   358     031D                     CCPR5H          equ	797	;# 
   359     031E                     CCP5CON         equ	798	;# 
   360     0394                     IOCBP           equ	916	;# 
   361     0395                     IOCBN           equ	917	;# 
   362     0396                     IOCBF           equ	918	;# 
   363     0415                     TMR4            equ	1045	;# 
   364     0416                     PR4             equ	1046	;# 
   365     0417                     T4CON           equ	1047	;# 
   366     041C                     TMR6            equ	1052	;# 
   367     041D                     PR6             equ	1053	;# 
   368     041E                     T6CON           equ	1054	;# 
   369     0791                     LCDCON          equ	1937	;# 
   370     0792                     LCDPS           equ	1938	;# 
   371     0793                     LCDREF          equ	1939	;# 
   372     0794                     LCDCST          equ	1940	;# 
   373     0795                     LCDRL           equ	1941	;# 
   374     0798                     LCDSE0          equ	1944	;# 
   375     0799                     LCDSE1          equ	1945	;# 
   376     07A0                     LCDDATA0        equ	1952	;# 
   377     07A1                     LCDDATA1        equ	1953	;# 
   378     07A3                     LCDDATA3        equ	1955	;# 
   379     07A4                     LCDDATA4        equ	1956	;# 
   380     07A6                     LCDDATA6        equ	1958	;# 
   381     07A7                     LCDDATA7        equ	1959	;# 
   382     07A9                     LCDDATA9        equ	1961	;# 
   383     07AA                     LCDDATA10       equ	1962	;# 
   384     0FE4                     STATUS_SHAD     equ	4068	;# 
   385     0FE5                     WREG_SHAD       equ	4069	;# 
   386     0FE6                     BSR_SHAD        equ	4070	;# 
   387     0FE7                     PCLATH_SHAD     equ	4071	;# 
   388     0FE8                     FSR0L_SHAD      equ	4072	;# 
   389     0FE9                     FSR0H_SHAD      equ	4073	;# 
   390     0FEA                     FSR1L_SHAD      equ	4074	;# 
   391     0FEB                     FSR1H_SHAD      equ	4075	;# 
   392     0FED                     STKPTR          equ	4077	;# 
   393     0FEE                     TOSL            equ	4078	;# 
   394     0FEF                     TOSH            equ	4079	;# 
   395                           
   396                           	psect	idataBANK0
   397     0759                     __pidataBANK0:
   398                           
   399                           ;initializer for _my_address
   400     0759  3401               	retlw	1
   401     075A  3400               	retlw	0
   402     075B  340C               	retlw	12
   403     075C  3400               	retlw	0
   404     075D  3419               	retlw	25
   405     075E  3400               	retlw	0
   406     075F  3427               	retlw	39
   407     0760  3400               	retlw	0
   408     0011                     _PIR1bits       set	17
   409     0099                     _OSCCON         set	153
   410     008E                     _TRISCbits      set	142
   411     008C                     _TRISAbits      set	140
   412     010C                     _LATAbits       set	268
   413     0199                     _RCREG          set	409
   414     019D                     _RCSTAbits      set	413
   415     019C                     _SPBRGH         set	412
   416     019B                     _SPBRG          set	411
   417     019F                     _BAUDCONbits    set	415
   418     019E                     _TXSTAbits      set	414
   419     018D                     _ANSELB         set	397
   420     018C                     _ANSELA         set	396
   421                           
   422                           	psect	cinit
   423     07E9                     start_initialization:	
   424                           ; #config settings
   425                           
   426     07E9                     __initialization:
   427                           
   428                           ; Initialize objects allocated to BANK0
   429     07E9  3059               	movlw	low __pidataBANK0
   430     07EA  0084               	movwf	4
   431     07EB  3087               	movlw	(high __pidataBANK0)| (0+128)
   432     07EC  0085               	movwf	5
   433     07ED  3020               	movlw	low __pdataBANK0
   434     07EE  0086               	movwf	6
   435     07EF  3000               	movlw	high __pdataBANK0
   436     07F0  0087               	movwf	7
   437     07F1  3008               	movlw	8
   438     07F2  3187  2753  3187   	fcall	init_ram
   439                           
   440                           ; Clear objects allocated to COMMON
   441     07F5  01F0               	clrf	__pbssCOMMON& (0+127)
   442     07F6  01F1               	clrf	(__pbssCOMMON+1)& (0+127)
   443     07F7  01F2               	clrf	(__pbssCOMMON+2)& (0+127)
   444     07F8  01F3               	clrf	(__pbssCOMMON+3)& (0+127)
   445     07F9  01F4               	clrf	(__pbssCOMMON+4)& (0+127)
   446     07FA  01F5               	clrf	(__pbssCOMMON+5)& (0+127)
   447     07FB  01F6               	clrf	(__pbssCOMMON+6)& (0+127)
   448     07FC  01F7               	clrf	(__pbssCOMMON+7)& (0+127)
   449     07FD                     end_of_initialization:	
   450                           ;End of C runtime variable initialization code
   451                           
   452     07FD                     __end_of__initialization:
   453     07FD  0020               	movlb	0
   454     07FE  3187  2F77         	ljmp	_main	;jump to C main() function
   455                           
   456                           	psect	bssCOMMON
   457     0070                     __pbssCOMMON:
   458     0070                     _dimmer:
   459     0070                     	ds	4
   460     0074                     _dmx_count:
   461     0074                     	ds	2
   462     0076                     _start_code:
   463     0076                     	ds	1
   464     0077                     _dummy:
   465     0077                     	ds	1
   466                           
   467                           	psect	dataBANK0
   468     0020                     __pdataBANK0:
   469     0020                     _my_address:
   470     0020                     	ds	8
   471                           
   472                           	psect	inittext
   473     0753                     init_ram:
   474     0753  00FE               	movwf	btemp
   475     0754                     initloop:
   476     0754  0012               	moviw fsr0++
   477     0755  001E               	movwi fsr1++
   478     0756  0BFE               	decfsz	btemp,f
   479     0757  2F54               	goto	initloop
   480     0758  3400               	retlw	0
   481                           
   482                           	psect	cstackCOMMON
   483     0078                     __pcstackCOMMON:
   484     0078                     ?_Pin_Init:
   485     0078                     ?_USART_Init:	
   486                           ; 1 bytes @ 0x0
   487                           
   488     0078                     ?_dmx_receive:	
   489                           ; 1 bytes @ 0x0
   490                           
   491     0078                     ?_main:	
   492                           ; 1 bytes @ 0x0
   493                           
   494     0078                     ??_Pin_Init:	
   495                           ; 1 bytes @ 0x0
   496                           
   497     0078                     ??_USART_Init:	
   498                           ; 1 bytes @ 0x0
   499                           
   500     0078                     ??_dmx_receive:	
   501                           ; 1 bytes @ 0x0
   502                           
   503                           
   504                           ; 1 bytes @ 0x0
   505     0078                     	ds	2
   506     007A                     dmx_receive@data:
   507                           
   508                           ; 1 bytes @ 0x2
   509     007A                     	ds	1
   510     007B                     dmx_receive@i:
   511                           
   512                           ; 1 bytes @ 0x3
   513     007B                     	ds	1
   514     007C                     ??_main:
   515                           
   516                           	psect	maintext
   517     0777                     __pmaintext:	
   518                           ; 1 bytes @ 0x4
   519 ;;
   520 ;;Main: autosize = 0, tempsize = 0, incstack = 0, save=0
   521 ;;
   522 ;; *************** function _main *****************
   523 ;; Defined at:
   524 ;;		line 90 in file "dmx_receive_basic.c"
   525 ;; Parameters:    Size  Location     Type
   526 ;;		None
   527 ;; Auto vars:     Size  Location     Type
   528 ;;		None
   529 ;; Return value:  Size  Location     Type
   530 ;;                  1    wreg      void 
   531 ;; Registers used:
   532 ;;		wreg, fsr1l, fsr1h, status,2, status,0, pclath, cstack
   533 ;; Tracked objects:
   534 ;;		On entry : B1F/0
   535 ;;		On exit  : 0/0
   536 ;;		Unchanged: 0/0
   537 ;; Data sizes:     COMMON   BANK0   BANK1   BANK2   BANK3   BANK4   BANK5   BANK6   BANK7   BANK8   BANK9  BANK10  BANK1
      +1  BANK12
   538 ;;      Params:         0       0       0       0       0       0       0       0       0       0       0       0       
      +0       0
   539 ;;      Locals:         0       0       0       0       0       0       0       0       0       0       0       0       
      +0       0
   540 ;;      Temps:          0       0       0       0       0       0       0       0       0       0       0       0       
      +0       0
   541 ;;      Totals:         0       0       0       0       0       0       0       0       0       0       0       0       
      +0       0
   542 ;;Total ram usage:        0 bytes
   543 ;; Hardware stack levels required when called: 1
   544 ;; This function calls:
   545 ;;		_Pin_Init
   546 ;;		_USART_Init
   547 ;;		_dmx_receive
   548 ;; This function is called by:
   549 ;;		Startup code after reset
   550 ;; This function uses a non-reentrant model
   551 ;;
   552                           
   553     0777                     _main:	
   554                           ;psect for function _main
   555                           
   556     0777                     l732:	
   557                           ;incstack = 0
   558                           ; Regs used in _main: [wreg+fsr1l+fsr1h+status,2+status,0+pclath+cstack]
   559                           
   560     0777  3072               	movlw	114
   561     0778  0021               	movlb	1	; select bank1
   562     0779  0099               	movwf	25	;volatile
   563     077A                     l734:
   564     077A  3187  276B  3187   	fcall	_Pin_Init
   565     077D  3187  2761  3187   	fcall	_USART_Init
   566     0780                     l736:
   567     0780  0023               	movlb	3	; select bank3
   568     0781  1C9D               	btfss	29,1	;volatile
   569     0782  2F84               	goto	u181
   570     0783  2F85               	goto	u180
   571     0784                     u181:
   572     0784  2F87               	goto	l740
   573     0785                     u180:
   574     0785                     l738:
   575     0785  121D               	bcf	29,4	;volatile
   576     0786  161D               	bsf	29,4	;volatile
   577     0787                     l740:
   578     0787  3187  278D  3187   	fcall	_dmx_receive
   579     078A  2F80               	goto	l736
   580     078B  3180  2802         	ljmp	start
   581     078D                     __end_of_main:
   582                           
   583                           	psect	text1
   584     078D                     __ptext1:	
   585 ;; *************** function _dmx_receive *****************
   586 ;; Defined at:
   587 ;;		line 46 in file "dmx_receive_basic.c"
   588 ;; Parameters:    Size  Location     Type
   589 ;;		None
   590 ;; Auto vars:     Size  Location     Type
   591 ;;  i               1    3[COMMON] unsigned char 
   592 ;;  data            1    2[COMMON] unsigned char 
   593 ;; Return value:  Size  Location     Type
   594 ;;                  1    wreg      void 
   595 ;; Registers used:
   596 ;;		wreg, fsr1l, fsr1h, status,2, status,0
   597 ;; Tracked objects:
   598 ;;		On entry : 0/0
   599 ;;		On exit  : 0/0
   600 ;;		Unchanged: 0/0
   601 ;; Data sizes:     COMMON   BANK0   BANK1   BANK2   BANK3   BANK4   BANK5   BANK6   BANK7   BANK8   BANK9  BANK10  BANK1
      +1  BANK12
   602 ;;      Params:         0       0       0       0       0       0       0       0       0       0       0       0       
      +0       0
   603 ;;      Locals:         2       0       0       0       0       0       0       0       0       0       0       0       
      +0       0
   604 ;;      Temps:          2       0       0       0       0       0       0       0       0       0       0       0       
      +0       0
   605 ;;      Totals:         4       0       0       0       0       0       0       0       0       0       0       0       
      +0       0
   606 ;;Total ram usage:        4 bytes
   607 ;; Hardware stack levels used: 1
   608 ;; This function calls:
   609 ;;		Nothing
   610 ;; This function is called by:
   611 ;;		_main
   612 ;; This function uses a non-reentrant model
   613 ;;
   614                           
   615     078D                     _dmx_receive:	
   616                           ;psect for function _dmx_receive
   617                           
   618     078D                     l692:	
   619                           ;incstack = 0
   620                           ; Regs used in _dmx_receive: [wreg+fsr1l+fsr1h+status,2+status,0]
   621                           
   622                           
   623                           ;dmx_receive_basic.c: 47: 
   624     078D  0020               	movlb	0	; select bank0
   625     078E  1A91               	btfsc	17,5	;volatile
   626     078F  2F91               	goto	u101
   627     0790  2F92               	goto	u100
   628     0791                     u101:
   629     0791  2F93               	goto	l45
   630     0792                     u100:
   631     0792  2FE8               	goto	l46
   632     0793                     l45:	
   633                           ;dmx_receive_basic.c: 49: 
   634                           
   635                           
   636                           ;dmx_receive_basic.c: 51: 
   637     0793  0023               	movlb	3	; select bank3
   638     0794  1D1D               	btfss	29,2	;volatile
   639     0795  2F97               	goto	u111
   640     0796  2F98               	goto	u110
   641     0797                     u111:
   642     0797  2F9D               	goto	l702
   643     0798                     u110:
   644     0798                     l696:
   645                           
   646                           ;dmx_receive_basic.c: 52: 
   647     0798  0819               	movf	25,w	;volatile
   648     0799  00F7               	movwf	_dummy
   649     079A                     l698:
   650                           
   651                           ;dmx_receive_basic.c: 53: 
   652     079A  01F4               	clrf	_dmx_count
   653     079B  01F5               	clrf	_dmx_count+1
   654     079C  2FE8               	goto	l46
   655     079D                     l702:
   656                           
   657                           ;dmx_receive_basic.c: 58:                 LATAbits.LATA1 = 1;
   658     079D  0819               	movf	25,w	;volatile
   659     079E  00FA               	movwf	dmx_receive@data
   660     079F                     l704:
   661                           
   662                           ;dmx_receive_basic.c: 60:                 LATAbits.LATA1 = 0;
   663     079F  0874               	movf	_dmx_count,w
   664     07A0  0475               	iorwf	_dmx_count+1,w
   665     07A1  1D03               	btfss	3,2
   666     07A2  2FA4               	goto	u121
   667     07A3  2FA5               	goto	u120
   668     07A4                     u121:
   669     07A4  2FA8               	goto	l708
   670     07A5                     u120:
   671     07A5                     l706:
   672                           
   673                           ;dmx_receive_basic.c: 62:         }
   674     07A5  087A               	movf	dmx_receive@data,w
   675     07A6  00F6               	movwf	_start_code
   676                           
   677                           ;dmx_receive_basic.c: 69: 
   678     07A7  2FE4               	goto	l730
   679     07A8                     l708:
   680     07A8  0374               	decf	_dmx_count,w
   681     07A9  0475               	iorwf	_dmx_count+1,w
   682     07AA  1D03               	btfss	3,2
   683     07AB  2FAD               	goto	u131
   684     07AC  2FAE               	goto	u130
   685     07AD                     u131:
   686     07AD  2FBA               	goto	l714
   687     07AE                     u130:
   688     07AE                     l710:
   689                           
   690                           ;dmx_receive_basic.c: 71: 
   691     07AE  3080               	movlw	128
   692     07AF  027A               	subwf	dmx_receive@data,w
   693     07B0  1C03               	skipc
   694     07B1  2FB3               	goto	u141
   695     07B2  2FB4               	goto	u140
   696     07B3                     u141:
   697     07B3  2FB7               	goto	l51
   698     07B4                     u140:
   699     07B4                     l712:
   700                           
   701                           ;dmx_receive_basic.c: 72:     dmx_count++;
   702     07B4  0022               	movlb	2	; select bank2
   703     07B5  148C               	bsf	12,1	;volatile
   704                           
   705                           ;dmx_receive_basic.c: 73: 
   706     07B6  2FE4               	goto	l730
   707     07B7                     l51:
   708                           
   709                           ;dmx_receive_basic.c: 74: }
   710     07B7  0022               	movlb	2	; select bank2
   711     07B8  108C               	bcf	12,1	;volatile
   712     07B9  2FE4               	goto	l730
   713     07BA                     l714:
   714     07BA  3002               	movlw	2
   715     07BB  0275               	subwf	_dmx_count+1,w
   716     07BC  3001               	movlw	1
   717     07BD  1903               	skipnz
   718     07BE  0274               	subwf	_dmx_count,w
   719     07BF  1803               	skipnc
   720     07C0  2FC2               	goto	u151
   721     07C1  2FC3               	goto	u150
   722     07C2                     u151:
   723     07C2  2FE4               	goto	l730
   724     07C3                     u150:
   725     07C3                     l716:
   726                           
   727                           ;dmx_receive_basic.c: 78:     Pin_Init();
   728     07C3  01FB               	clrf	dmx_receive@i
   729     07C4                     l722:
   730                           
   731                           ;dmx_receive_basic.c: 79:     USART_Init();
   732     07C4  357B               	lslf	dmx_receive@i,w
   733     07C5  3E20               	addlw	(low (_my_address| 0))& (0+255)
   734     07C6  0086               	movwf	6
   735     07C7  0187               	clrf	7
   736     07C8  3F40               	moviw [0]fsr1
   737     07C9  00F8               	movwf	??_dmx_receive
   738     07CA  3F41               	moviw [1]fsr1
   739     07CB  00F9               	movwf	??_dmx_receive+1
   740     07CC  0875               	movf	_dmx_count+1,w
   741     07CD  0679               	xorwf	??_dmx_receive+1,w
   742     07CE  1D03               	skipz
   743     07CF  2FD2               	goto	u165
   744     07D0  0874               	movf	_dmx_count,w
   745     07D1  0678               	xorwf	??_dmx_receive,w
   746     07D2                     u165:
   747     07D2  1D03               	skipz
   748     07D3  2FD5               	goto	u161
   749     07D4  2FD6               	goto	u160
   750     07D5                     u161:
   751     07D5  2FDC               	goto	l726
   752     07D6                     u160:
   753     07D6                     l724:
   754                           
   755                           ;dmx_receive_basic.c: 80: 
   756     07D6  087B               	movf	dmx_receive@i,w
   757     07D7  3E70               	addlw	(low (_dimmer| 0))& (0+255)
   758     07D8  0086               	movwf	6
   759     07D9  0187               	clrf	7
   760     07DA  087A               	movf	dmx_receive@data,w
   761     07DB  0081               	movwf	1
   762     07DC                     l726:
   763                           
   764                           ;dmx_receive_basic.c: 82:         if (RCSTAbits.OERR) {
   765     07DC  3001               	movlw	1
   766     07DD  07FB               	addwf	dmx_receive@i,f
   767     07DE                     l728:
   768     07DE  3004               	movlw	4
   769     07DF  027B               	subwf	dmx_receive@i,w
   770     07E0  1C03               	skipc
   771     07E1  2FE3               	goto	u171
   772     07E2  2FE4               	goto	u170
   773     07E3                     u171:
   774     07E3  2FC4               	goto	l722
   775     07E4                     u170:
   776     07E4                     l730:
   777                           
   778                           ;dmx_receive_basic.c: 86: 
   779     07E4  3001               	movlw	1
   780     07E5  07F4               	addwf	_dmx_count,f
   781     07E6  3000               	movlw	0
   782     07E7  3DF5               	addwfc	_dmx_count+1,f
   783     07E8                     l46:
   784     07E8  0008               	return
   785     07E9                     __end_of_dmx_receive:
   786                           
   787                           	psect	text2
   788     0761                     __ptext2:	
   789 ;; *************** function _USART_Init *****************
   790 ;; Defined at:
   791 ;;		line 34 in file "dmx_receive_basic.c"
   792 ;; Parameters:    Size  Location     Type
   793 ;;		None
   794 ;; Auto vars:     Size  Location     Type
   795 ;;		None
   796 ;; Return value:  Size  Location     Type
   797 ;;                  1    wreg      void 
   798 ;; Registers used:
   799 ;;		status,2
   800 ;; Tracked objects:
   801 ;;		On entry : 0/0
   802 ;;		On exit  : 0/0
   803 ;;		Unchanged: 0/0
   804 ;; Data sizes:     COMMON   BANK0   BANK1   BANK2   BANK3   BANK4   BANK5   BANK6   BANK7   BANK8   BANK9  BANK10  BANK1
      +1  BANK12
   805 ;;      Params:         0       0       0       0       0       0       0       0       0       0       0       0       
      +0       0
   806 ;;      Locals:         0       0       0       0       0       0       0       0       0       0       0       0       
      +0       0
   807 ;;      Temps:          0       0       0       0       0       0       0       0       0       0       0       0       
      +0       0
   808 ;;      Totals:         0       0       0       0       0       0       0       0       0       0       0       0       
      +0       0
   809 ;;Total ram usage:        0 bytes
   810 ;; Hardware stack levels used: 1
   811 ;; This function calls:
   812 ;;		Nothing
   813 ;; This function is called by:
   814 ;;		_main
   815 ;; This function uses a non-reentrant model
   816 ;;
   817                           
   818     0761                     _USART_Init:	
   819                           ;psect for function _USART_Init
   820                           
   821     0761                     l634:	
   822                           ;incstack = 0
   823                           ; Regs used in _USART_Init: [status,2]
   824                           
   825                           
   826                           ;dmx_receive_basic.c: 35:     }
   827     0761  0023               	movlb	3	; select bank3
   828     0762  121E               	bcf	30,4	;volatile
   829                           
   830                           ;dmx_receive_basic.c: 36: 
   831     0763  151E               	bsf	30,2	;volatile
   832                           
   833                           ;dmx_receive_basic.c: 37:     if (RCSTAbits.FERR) {
   834     0764  159F               	bsf	31,3	;volatile
   835                           
   836                           ;dmx_receive_basic.c: 39:         dmx_count = 0;
   837     0765  3007               	movlw	7
   838     0766  009B               	movwf	27	;volatile
   839     0767                     l636:
   840                           
   841                           ;dmx_receive_basic.c: 40: 
   842     0767  019C               	clrf	28	;volatile
   843     0768                     l638:
   844                           
   845                           ;dmx_receive_basic.c: 42:     }
   846     0768  179D               	bsf	29,7	;volatile
   847     0769                     l640:
   848                           
   849                           ;dmx_receive_basic.c: 43: 
   850     0769  161D               	bsf	29,4	;volatile
   851     076A                     l42:
   852     076A  0008               	return
   853     076B                     __end_of_USART_Init:
   854                           
   855                           	psect	text3
   856     076B                     __ptext3:	
   857 ;; *************** function _Pin_Init *****************
   858 ;; Defined at:
   859 ;;		line 22 in file "dmx_receive_basic.c"
   860 ;; Parameters:    Size  Location     Type
   861 ;;		None
   862 ;; Auto vars:     Size  Location     Type
   863 ;;		None
   864 ;; Return value:  Size  Location     Type
   865 ;;                  1    wreg      void 
   866 ;; Registers used:
   867 ;;		status,2
   868 ;; Tracked objects:
   869 ;;		On entry : 0/0
   870 ;;		On exit  : 0/0
   871 ;;		Unchanged: 0/0
   872 ;; Data sizes:     COMMON   BANK0   BANK1   BANK2   BANK3   BANK4   BANK5   BANK6   BANK7   BANK8   BANK9  BANK10  BANK1
      +1  BANK12
   873 ;;      Params:         0       0       0       0       0       0       0       0       0       0       0       0       
      +0       0
   874 ;;      Locals:         0       0       0       0       0       0       0       0       0       0       0       0       
      +0       0
   875 ;;      Temps:          0       0       0       0       0       0       0       0       0       0       0       0       
      +0       0
   876 ;;      Totals:         0       0       0       0       0       0       0       0       0       0       0       0       
      +0       0
   877 ;;Total ram usage:        0 bytes
   878 ;; Hardware stack levels used: 1
   879 ;; This function calls:
   880 ;;		Nothing
   881 ;; This function is called by:
   882 ;;		_main
   883 ;; This function uses a non-reentrant model
   884 ;;
   885                           
   886     076B                     _Pin_Init:	
   887                           ;psect for function _Pin_Init
   888                           
   889     076B                     l622:	
   890                           ;incstack = 0
   891                           ; Regs used in _Pin_Init: [status,2]
   892                           
   893                           
   894                           ;dmx_receive_basic.c: 23:     BAUDCONbits.BRG16 = 1;
   895     076B  0023               	movlb	3	; select bank3
   896     076C  018C               	clrf	12	;volatile
   897                           
   898                           ;dmx_receive_basic.c: 24: 
   899     076D  018D               	clrf	13	;volatile
   900     076E                     l624:
   901                           
   902                           ;dmx_receive_basic.c: 26:     SPBRGH = 0;
   903     076E  0021               	movlb	1	; select bank1
   904     076F  110C               	bcf	12,2	;volatile
   905     0770                     l626:
   906                           
   907                           ;dmx_receive_basic.c: 27: 
   908     0770  108C               	bcf	12,1	;volatile
   909     0771                     l628:
   910                           
   911                           ;dmx_receive_basic.c: 28:     RCSTAbits.SPEN = 1;
   912     0771  0022               	movlb	2	; select bank2
   913     0772  110C               	bcf	12,2	;volatile
   914     0773                     l630:
   915                           
   916                           ;dmx_receive_basic.c: 30: }
   917     0773  0021               	movlb	1	; select bank1
   918     0774  170E               	bsf	14,6	;volatile
   919     0775                     l632:
   920                           
   921                           ;dmx_receive_basic.c: 31: 
   922     0775  178E               	bsf	14,7	;volatile
   923     0776                     l39:
   924     0776  0008               	return
   925     0777                     __end_of_Pin_Init:
   926     0003                     ___latbits      equ	3
   927     007E                     btemp           set	126	;btemp
   928     007E                     btemp0          set	126
   929     007F                     btemp1          set	127
   930     007E                     wtemp0          set	126
   931     007F                     wtemp0a         set	127
   932     007F                     ttemp0a         set	127
   933     0080                     ltemp0a         set	128
   934                           
   935                           	psect	config
   936                           
   937                           ;Config register CONFIG1 @ 0x8007
   938                           ;	Oscillator Selection
   939                           ;	FOSC = INTOSC, INTOSC oscillator: I/O function on CLKIN pin
   940                           ;	Watchdog Timer Enable
   941                           ;	WDTE = OFF, WDT disabled
   942                           ;	Power-up Timer Enable
   943                           ;	PWRTE = OFF, PWRT disabled
   944                           ;	MCLR Pin Function Select
   945                           ;	MCLRE = OFF, MCLR/VPP pin function is digital input
   946                           ;	Flash Program Memory Code Protection
   947                           ;	CP = OFF, Program memory code protection is disabled
   948                           ;	Data Memory Code Protection
   949                           ;	CPD = 0x1, unprogrammed default
   950                           ;	Brown-out Reset Enable
   951                           ;	BOREN = ON, Brown-out Reset enabled
   952                           ;	Clock Out Enable
   953                           ;	CLKOUTEN = OFF, CLKOUT function is disabled. I/O or oscillator function on the CLKOUT 
      +                          pin
   954                           ;	Internal/External Switchover
   955                           ;	IESO = OFF, Internal/External Switchover mode is disabled
   956                           ;	Fail-Safe Clock Monitor Enable
   957                           ;	FCMEN = OFF, Fail-Safe Clock Monitor is disabled
   958     8007                     	org	32775
   959     8007  0FA4               	dw	4004
   960                           
   961                           ;Config register CONFIG2 @ 0x8008
   962                           ;	Flash Memory Self-Write Protection
   963                           ;	WRT = 0x3, unprogrammed default
   964                           ;	Voltage Regulator Capacitor Enable
   965                           ;	VCAPEN = 0x3, unprogrammed default
   966                           ;	PLL Enable
   967                           ;	PLLEN = 0x1, unprogrammed default
   968                           ;	Stack Overflow/Underflow Reset Enable
   969                           ;	STVREN = 0x1, unprogrammed default
   970                           ;	Brown-out Reset Voltage Selection
   971                           ;	BORV = 0x1, unprogrammed default
   972                           ;	Low-Voltage Programming Enable
   973                           ;	LVP = OFF, High-voltage on MCLR/VPP must be used for programming
   974     8008                     	org	32776
   975     8008  1FFF               	dw	8191

Data Sizes:
    Strings     0
    Constant    0
    Data        8
    BSS         8
    Persistent  48
    Stack       0

Auto Spaces:
    Space          Size  Autos    Used
    COMMON           14      4      12
    BANK0            80      0       8
    BANK1            80      0       0
    BANK2            80      0       0
    BANK3            80      0       0
    BANK4            80      0       0
    BANK5            80      0       0
    BANK6            80      0       0
    BANK7            80      0       0
    BANK8            80      0       0
    BANK9            80      0       0
    BANK10           80      0       0
    BANK11           80      0       0
    BANK12           48      0       0

Pointer List with Targets:

    None.

Critical Paths under _main in COMMON

    _main->_dmx_receive

Critical Paths under _main in BANK0

    None.

Critical Paths under _main in BANK1

    None.

Critical Paths under _main in BANK2

    None.

Critical Paths under _main in BANK3

    None.

Critical Paths under _main in BANK4

    None.

Critical Paths under _main in BANK5

    None.

Critical Paths under _main in BANK6

    None.

Critical Paths under _main in BANK7

    None.

Critical Paths under _main in BANK8

    None.

Critical Paths under _main in BANK9

    None.

Critical Paths under _main in BANK10

    None.

Critical Paths under _main in BANK11

    None.

Critical Paths under _main in BANK12

    None.

Call Graph Tables:

 ---------------------------------------------------------------------------------
 (Depth) Function   	        Calls       Base Space   Used Autos Params    Refs
 ---------------------------------------------------------------------------------
 (0) _main                                                 0     0      0     157
                           _Pin_Init
                         _USART_Init
                        _dmx_receive
 ---------------------------------------------------------------------------------
 (1) _dmx_receive                                          4     4      0     157
                                              0 COMMON     4     4      0
 ---------------------------------------------------------------------------------
 (1) _USART_Init                                           0     0      0       0
 ---------------------------------------------------------------------------------
 (1) _Pin_Init                                             0     0      0       0
 ---------------------------------------------------------------------------------
 Estimated maximum stack depth 1
 ---------------------------------------------------------------------------------

 Call Graph Graphs:

 _main (ROOT)
   _Pin_Init
   _USART_Init
   _dmx_receive

Address spaces:
Name               Size   Autos  Total    Usage
BITCOMMON           14      0       0      0.0%
BITBANK0            80      0       0      0.0%
BITBANK1            80      0       0      0.0%
BITBANK2            80      0       0      0.0%
BITBANK3            80      0       0      0.0%
BITBANK4            80      0       0      0.0%
BITBANK5            80      0       0      0.0%
BITBANK6            80      0       0      0.0%
BITBANK7            80      0       0      0.0%
BITBANK8            80      0       0      0.0%
BITBANK9            80      0       0      0.0%
BITBANK10           80      0       0      0.0%
BITBANK11           80      0       0      0.0%
BITBANK12           48      0       0      0.0%
BIGRAM            1008      0       0      0.0%
COMMON              14      4      12     85.7%
BANK0               80      0       8     10.0%
BANK1               80      0       0      0.0%
BANK2               80      0       0      0.0%
BANK3               80      0       0      0.0%
BANK4               80      0       0      0.0%
BANK5               80      0       0      0.0%
BANK6               80      0       0      0.0%
BANK7               80      0       0      0.0%
BANK8               80      0       0      0.0%
BANK9               80      0       0      0.0%
BANK10              80      0       0      0.0%
BANK11              80      0       0      0.0%
BANK12              48      0       0      0.0%
STACK                0      0       0      0.0%
DATA                 0      0      20      0.0%


Microchip Technology PIC Macro Assembler V3.10 build 20250813170317 
Symbol Table                                                                                   Wed Jun 17 15:34:20 2026

                     l42 076A                       l51 07B7                       l45 0793  
                     l46 07E8                       l39 0776                      l630 0773  
                    l622 076B                      l710 07AE                      l702 079D  
                    l632 0775                      l624 076E                      l640 0769  
                    l712 07B4                      l704 079F                      l626 0770  
                    l634 0761                      l722 07C4                      l714 07BA  
                    l730 07E4                      l706 07A5                      l628 0771  
                    l636 0767                      l724 07D6                      l716 07C3  
                    l708 07A8                      l740 0787                      l732 0777  
                    l638 0768                      l726 07DC                      l734 077A  
                    l728 07DE                      l736 0780                      l738 0785  
                    l692 078D                      l696 0798                      l698 079A  
                    u100 0792                      u101 0791                      u110 0798  
                    u111 0797                      u120 07A5                      u121 07A4  
                    u130 07AE                      u131 07AD                      u140 07B4  
                    u141 07B3                      u150 07C3                      u151 07C2  
                    u160 07D6                      u161 07D5                      u170 07E4  
                    u171 07E3                      u180 0785                      u165 07D2  
                    u181 0784             ?_dmx_receive 0078                     _main 0777  
                   fsr0h 0005                     fsr1h 0007                     fsr0l 0004  
                   indf1 0001                     fsr1l 0006                     btemp 007E  
                   start 0002                    ?_main 0078                    _RCREG 0199  
                  _SPBRG 019B                    _dummy 0077                    btemp0 007E  
                  btemp1 007F                    status 0003                    wtemp0 007E  
            ?_USART_Init 0078          __initialization 07E9             __end_of_main 078D  
       __end_of_Pin_Init 0777                   ??_main 007C                   _ANSELA 018C  
                 _ANSELB 018D                   _OSCCON 0099                   _SPBRGH 019C  
           dmx_receive@i 007B                   _dimmer 0070                   ltemp0a 0080  
                 ttemp0a 007F                   wtemp0a 007F  __end_of__initialization 07FD  
         __pcstackCOMMON 0078             __pidataBANK0 0759                ?_Pin_Init 0078  
             __pmaintext 0777               ??_Pin_Init 0078             ??_USART_Init 0078  
                __ptext1 078D                  __ptext2 0761                  __ptext3 076B  
     __end_of_USART_Init 076B     end_of_initialization 07FD                  init_ram 0753  
                initloop 0754               _my_address 0020                _RCSTAbits 019D  
              _TRISAbits 008C                _TRISCbits 008E               _start_code 0076  
              _TXSTAbits 019E              _BAUDCONbits 019F      start_initialization 07E9  
          ??_dmx_receive 0078              __pdataBANK0 0020              __pbssCOMMON 0070  
              ___latbits 0003      __end_of_dmx_receive 07E9          dmx_receive@data 007A  
              _dmx_count 0074                 _LATAbits 010C                 _PIR1bits 0011  
            _dmx_receive 078D                 _Pin_Init 076B               _USART_Init 0761  
