

Microchip MPLAB XC8 Assembler V3.10 build 20250813170317 
                                                                                               Sun May  3 16:15:23 2026

Microchip MPLAB XC8 C Compiler v3.10 (Free license) build 20250813170317 Og1 
     1                           	processor	16F1938
     2                           	pagewidth 120
     3                           	opt	flic
     4                           	psect	idataBANK0,global,class=CODE,space=0,delta=2,noexec
     5                           	psect	cinit,global,class=CODE,space=0,merge=1,delta=2
     6                           	psect	dataBANK0,global,class=BANK0,space=1,delta=1,noexec
     7                           	psect	inittext,global,class=CODE,space=0,delta=2
     8                           	psect	cstackCOMMON,global,class=COMMON,space=1,delta=1,noexec
     9                           	psect	cstackBANK0,global,class=BANK0,space=1,delta=1,noexec
    10                           	psect	maintext,global,class=CODE,space=0,merge=1,split=1,delta=2
    11                           	psect	text1,local,class=CODE,space=0,merge=1,delta=2,group=2
    12                           	psect	text2,local,class=CODE,space=0,merge=1,delta=2
    13                           	psect	config,global,abs,ovrld,class=CONFIG,space=4,delta=2,noexec
    14                           	dabs	1,0x7E,2
    15     0000                     
    16                           ; Generated 27/03/2025 GMT
    17                           ; 
    18                           ; Copyright © 2025, Microchip Technology Inc. and its subsidiaries ("Microchip")
    19                           ; All rights reserved.
    20                           ; 
    21                           ; This software is developed by Microchip Technology Inc. and its subsidiaries ("Microch
      +                          ip").
    22                           ; 
    23                           ; Redistribution and use in source and binary forms, with or without modification, are
    24                           ; permitted provided that the following conditions are met:
    25                           ; 
    26                           ;     1. Redistributions of source code must retain the above copyright notice, this lis
      +                          t of
    27                           ;        conditions and the following disclaimer.
    28                           ; 
    29                           ;     2. Redistributions in binary form must reproduce the above copyright notice, this 
      +                          list
    30                           ;        of conditions and the following disclaimer in the documentation and/or other
    31                           ;        materials provided with the distribution. Publication is not required when
    32                           ;        this file is used in an embedded application.
    33                           ; 
    34                           ;     3. Microchip's name may not be used to endorse or promote products derived from th
      +                          is
    35                           ;        software without specific prior written permission.
    36                           ; 
    37                           ; THIS SOFTWARE IS PROVIDED BY MICROCHIP "AS IS" AND ANY EXPRESS OR IMPLIED WARRANTIES,
    38                           ; INCLUDING, BUT NOT LIMITED TO, THE IMPLIED WARRANTIES OF MERCHANTABILITY AND FITNESS F
      +                          OR
    39                           ; PURPOSE ARE DISCLAIMED.  IN NO EVENT SHALL MICROCHIP BE LIABLE FOR ANY DIRECT, INDIREC
      +                          T,
    40                           ; INCIDENTAL, SPECIAL, EXEMPLARY, OR CONSEQUENTIAL DAMAGES (INCLUDING BUT NOT LIMITED TO
    41                           ; PROCUREMENT OF SUBSTITUTE GOODS OR SERVICES; LOSS OF USE, DATA OR PROFITS; OR BUSINESS
    42                           ; INTERRUPTION) HOWSOEVER CAUSED AND ON ANY THEORY OF LIABILITY, WHETHER IN CONTRACT, ST
      +                          RICT
    43                           ; LIABILITY, OR TORT (INCLUDING NEGLIGENCE OR OTHERWISE) ARISING IN ANY WAY OUT OF THE U
      +                          SE OF
    44                           ; THIS SOFTWARE, EVEN IF ADVISED OF THE POSSIBILITY OF SUCH DAMAGE.
    45                           ; 
    46                           ; 
    47                           ; Code-generator required, PIC16F1938 Definitions
    48                           ; 
    49                           ; SFR Addresses
    50     0008                     bsr             equ	8
    51     0005                     fsr0h           equ	5
    52     0004                     fsr0l           equ	4
    53     0007                     fsr1h           equ	7
    54     0006                     fsr1l           equ	6
    55     0000                     indf            equ	0
    56     0000                     indf0           equ	0
    57     0001                     indf1           equ	1
    58     000B                     intcon          equ	11
    59     0002                     pc              equ	2
    60     0002                     pcl             equ	2
    61     000A                     pclath          equ	10
    62     0003                     status          equ	3
    63     0009                     wreg            equ	9
    64     0000                     INDF0           equ	0	;# 
    65     0001                     INDF1           equ	1	;# 
    66     0002                     PCL             equ	2	;# 
    67     0003                     STATUS          equ	3	;# 
    68     0004                     FSR0L           equ	4	;# 
    69     0005                     FSR0H           equ	5	;# 
    70     0006                     FSR1L           equ	6	;# 
    71     0007                     FSR1H           equ	7	;# 
    72     0008                     BSR             equ	8	;# 
    73     0009                     WREG            equ	9	;# 
    74     000A                     PCLATH          equ	10	;# 
    75     000B                     INTCON          equ	11	;# 
    76     000C                     PORTA           equ	12	;# 
    77     000D                     PORTB           equ	13	;# 
    78     000E                     PORTC           equ	14	;# 
    79     0010                     PORTE           equ	16	;# 
    80     0011                     PIR1            equ	17	;# 
    81     0012                     PIR2            equ	18	;# 
    82     0013                     PIR3            equ	19	;# 
    83     0015                     TMR0            equ	21	;# 
    84     0016                     TMR1            equ	22	;# 
    85     0016                     TMR1L           equ	22	;# 
    86     0017                     TMR1H           equ	23	;# 
    87     0018                     T1CON           equ	24	;# 
    88     0019                     T1GCON          equ	25	;# 
    89     001A                     TMR2            equ	26	;# 
    90     001B                     PR2             equ	27	;# 
    91     001C                     T2CON           equ	28	;# 
    92     001E                     CPSCON0         equ	30	;# 
    93     001F                     CPSCON1         equ	31	;# 
    94     008C                     TRISA           equ	140	;# 
    95     008D                     TRISB           equ	141	;# 
    96     008E                     TRISC           equ	142	;# 
    97     0090                     TRISE           equ	144	;# 
    98     0091                     PIE1            equ	145	;# 
    99     0092                     PIE2            equ	146	;# 
   100     0093                     PIE3            equ	147	;# 
   101     0095                     OPTION_REG      equ	149	;# 
   102     0096                     PCON            equ	150	;# 
   103     0097                     WDTCON          equ	151	;# 
   104     0098                     OSCTUNE         equ	152	;# 
   105     0099                     OSCCON          equ	153	;# 
   106     009A                     OSCSTAT         equ	154	;# 
   107     009B                     ADRES           equ	155	;# 
   108     009B                     ADRESL          equ	155	;# 
   109     009C                     ADRESH          equ	156	;# 
   110     009D                     ADCON0          equ	157	;# 
   111     009E                     ADCON1          equ	158	;# 
   112     010C                     LATA            equ	268	;# 
   113     010D                     LATB            equ	269	;# 
   114     010E                     LATC            equ	270	;# 
   115     0110                     LATE            equ	272	;# 
   116     0111                     CM1CON0         equ	273	;# 
   117     0112                     CM1CON1         equ	274	;# 
   118     0113                     CM2CON0         equ	275	;# 
   119     0114                     CM2CON1         equ	276	;# 
   120     0115                     CMOUT           equ	277	;# 
   121     0116                     BORCON          equ	278	;# 
   122     0117                     FVRCON          equ	279	;# 
   123     0118                     DACCON0         equ	280	;# 
   124     0119                     DACCON1         equ	281	;# 
   125     011A                     SRCON0          equ	282	;# 
   126     011B                     SRCON1          equ	283	;# 
   127     011D                     APFCON          equ	285	;# 
   128     018C                     ANSELA          equ	396	;# 
   129     018D                     ANSELB          equ	397	;# 
   130     0191                     EEADR           equ	401	;# 
   131     0191                     EEADRL          equ	401	;# 
   132     0192                     EEADRH          equ	402	;# 
   133     0193                     EEDAT           equ	403	;# 
   134     0193                     EEDATL          equ	403	;# 
   135     0193                     EEDATA          equ	403	;# 
   136     0194                     EEDATH          equ	404	;# 
   137     0195                     EECON1          equ	405	;# 
   138     0196                     EECON2          equ	406	;# 
   139     0199                     RCREG           equ	409	;# 
   140     019A                     TXREG           equ	410	;# 
   141     019B                     SP1BRG          equ	411	;# 
   142     019B                     SP1BRGL         equ	411	;# 
   143     019B                     SPBRG           equ	411	;# 
   144     019B                     SPBRGL          equ	411	;# 
   145     019C                     SP1BRGH         equ	412	;# 
   146     019C                     SPBRGH          equ	412	;# 
   147     019D                     RCSTA           equ	413	;# 
   148     019E                     TXSTA           equ	414	;# 
   149     019F                     BAUDCON         equ	415	;# 
   150     020D                     WPUB            equ	525	;# 
   151     0210                     WPUE            equ	528	;# 
   152     0211                     SSPBUF          equ	529	;# 
   153     0212                     SSPADD          equ	530	;# 
   154     0213                     SSPMSK          equ	531	;# 
   155     0214                     SSPSTAT         equ	532	;# 
   156     0215                     SSPCON1         equ	533	;# 
   157     0215                     SSPCON          equ	533	;# 
   158     0216                     SSPCON2         equ	534	;# 
   159     0217                     SSPCON3         equ	535	;# 
   160     0291                     CCPR1           equ	657	;# 
   161     0291                     CCPR1L          equ	657	;# 
   162     0292                     CCPR1H          equ	658	;# 
   163     0293                     CCP1CON         equ	659	;# 
   164     0294                     PWM1CON         equ	660	;# 
   165     0295                     CCP1AS          equ	661	;# 
   166     0295                     ECCP1AS         equ	661	;# 
   167     0296                     PSTR1CON        equ	662	;# 
   168     0298                     CCPR2           equ	664	;# 
   169     0298                     CCPR2L          equ	664	;# 
   170     0299                     CCPR2H          equ	665	;# 
   171     029A                     CCP2CON         equ	666	;# 
   172     029B                     PWM2CON         equ	667	;# 
   173     029C                     CCP2AS          equ	668	;# 
   174     029C                     ECCP2AS         equ	668	;# 
   175     029D                     PSTR2CON        equ	669	;# 
   176     029E                     CCPTMRS0        equ	670	;# 
   177     029F                     CCPTMRS1        equ	671	;# 
   178     0311                     CCPR3           equ	785	;# 
   179     0311                     CCPR3L          equ	785	;# 
   180     0312                     CCPR3H          equ	786	;# 
   181     0313                     CCP3CON         equ	787	;# 
   182     0314                     PWM3CON         equ	788	;# 
   183     0315                     CCP3AS          equ	789	;# 
   184     0315                     ECCP3AS         equ	789	;# 
   185     0316                     PSTR3CON        equ	790	;# 
   186     0318                     CCPR4           equ	792	;# 
   187     0318                     CCPR4L          equ	792	;# 
   188     0319                     CCPR4H          equ	793	;# 
   189     031A                     CCP4CON         equ	794	;# 
   190     031C                     CCPR5           equ	796	;# 
   191     031C                     CCPR5L          equ	796	;# 
   192     031D                     CCPR5H          equ	797	;# 
   193     031E                     CCP5CON         equ	798	;# 
   194     0394                     IOCBP           equ	916	;# 
   195     0395                     IOCBN           equ	917	;# 
   196     0396                     IOCBF           equ	918	;# 
   197     0415                     TMR4            equ	1045	;# 
   198     0416                     PR4             equ	1046	;# 
   199     0417                     T4CON           equ	1047	;# 
   200     041C                     TMR6            equ	1052	;# 
   201     041D                     PR6             equ	1053	;# 
   202     041E                     T6CON           equ	1054	;# 
   203     0791                     LCDCON          equ	1937	;# 
   204     0792                     LCDPS           equ	1938	;# 
   205     0793                     LCDREF          equ	1939	;# 
   206     0794                     LCDCST          equ	1940	;# 
   207     0795                     LCDRL           equ	1941	;# 
   208     0798                     LCDSE0          equ	1944	;# 
   209     0799                     LCDSE1          equ	1945	;# 
   210     07A0                     LCDDATA0        equ	1952	;# 
   211     07A1                     LCDDATA1        equ	1953	;# 
   212     07A3                     LCDDATA3        equ	1955	;# 
   213     07A4                     LCDDATA4        equ	1956	;# 
   214     07A6                     LCDDATA6        equ	1958	;# 
   215     07A7                     LCDDATA7        equ	1959	;# 
   216     07A9                     LCDDATA9        equ	1961	;# 
   217     07AA                     LCDDATA10       equ	1962	;# 
   218     0FE4                     STATUS_SHAD     equ	4068	;# 
   219     0FE5                     WREG_SHAD       equ	4069	;# 
   220     0FE6                     BSR_SHAD        equ	4070	;# 
   221     0FE7                     PCLATH_SHAD     equ	4071	;# 
   222     0FE8                     FSR0L_SHAD      equ	4072	;# 
   223     0FE9                     FSR0H_SHAD      equ	4073	;# 
   224     0FEA                     FSR1L_SHAD      equ	4074	;# 
   225     0FEB                     FSR1H_SHAD      equ	4075	;# 
   226     0FED                     STKPTR          equ	4077	;# 
   227     0FEE                     TOSL            equ	4078	;# 
   228     0FEF                     TOSH            equ	4079	;# 
   229     0000                     INDF0           equ	0	;# 
   230     0001                     INDF1           equ	1	;# 
   231     0002                     PCL             equ	2	;# 
   232     0003                     STATUS          equ	3	;# 
   233     0004                     FSR0L           equ	4	;# 
   234     0005                     FSR0H           equ	5	;# 
   235     0006                     FSR1L           equ	6	;# 
   236     0007                     FSR1H           equ	7	;# 
   237     0008                     BSR             equ	8	;# 
   238     0009                     WREG            equ	9	;# 
   239     000A                     PCLATH          equ	10	;# 
   240     000B                     INTCON          equ	11	;# 
   241     000C                     PORTA           equ	12	;# 
   242     000D                     PORTB           equ	13	;# 
   243     000E                     PORTC           equ	14	;# 
   244     0010                     PORTE           equ	16	;# 
   245     0011                     PIR1            equ	17	;# 
   246     0012                     PIR2            equ	18	;# 
   247     0013                     PIR3            equ	19	;# 
   248     0015                     TMR0            equ	21	;# 
   249     0016                     TMR1            equ	22	;# 
   250     0016                     TMR1L           equ	22	;# 
   251     0017                     TMR1H           equ	23	;# 
   252     0018                     T1CON           equ	24	;# 
   253     0019                     T1GCON          equ	25	;# 
   254     001A                     TMR2            equ	26	;# 
   255     001B                     PR2             equ	27	;# 
   256     001C                     T2CON           equ	28	;# 
   257     001E                     CPSCON0         equ	30	;# 
   258     001F                     CPSCON1         equ	31	;# 
   259     008C                     TRISA           equ	140	;# 
   260     008D                     TRISB           equ	141	;# 
   261     008E                     TRISC           equ	142	;# 
   262     0090                     TRISE           equ	144	;# 
   263     0091                     PIE1            equ	145	;# 
   264     0092                     PIE2            equ	146	;# 
   265     0093                     PIE3            equ	147	;# 
   266     0095                     OPTION_REG      equ	149	;# 
   267     0096                     PCON            equ	150	;# 
   268     0097                     WDTCON          equ	151	;# 
   269     0098                     OSCTUNE         equ	152	;# 
   270     0099                     OSCCON          equ	153	;# 
   271     009A                     OSCSTAT         equ	154	;# 
   272     009B                     ADRES           equ	155	;# 
   273     009B                     ADRESL          equ	155	;# 
   274     009C                     ADRESH          equ	156	;# 
   275     009D                     ADCON0          equ	157	;# 
   276     009E                     ADCON1          equ	158	;# 
   277     010C                     LATA            equ	268	;# 
   278     010D                     LATB            equ	269	;# 
   279     010E                     LATC            equ	270	;# 
   280     0110                     LATE            equ	272	;# 
   281     0111                     CM1CON0         equ	273	;# 
   282     0112                     CM1CON1         equ	274	;# 
   283     0113                     CM2CON0         equ	275	;# 
   284     0114                     CM2CON1         equ	276	;# 
   285     0115                     CMOUT           equ	277	;# 
   286     0116                     BORCON          equ	278	;# 
   287     0117                     FVRCON          equ	279	;# 
   288     0118                     DACCON0         equ	280	;# 
   289     0119                     DACCON1         equ	281	;# 
   290     011A                     SRCON0          equ	282	;# 
   291     011B                     SRCON1          equ	283	;# 
   292     011D                     APFCON          equ	285	;# 
   293     018C                     ANSELA          equ	396	;# 
   294     018D                     ANSELB          equ	397	;# 
   295     0191                     EEADR           equ	401	;# 
   296     0191                     EEADRL          equ	401	;# 
   297     0192                     EEADRH          equ	402	;# 
   298     0193                     EEDAT           equ	403	;# 
   299     0193                     EEDATL          equ	403	;# 
   300     0193                     EEDATA          equ	403	;# 
   301     0194                     EEDATH          equ	404	;# 
   302     0195                     EECON1          equ	405	;# 
   303     0196                     EECON2          equ	406	;# 
   304     0199                     RCREG           equ	409	;# 
   305     019A                     TXREG           equ	410	;# 
   306     019B                     SP1BRG          equ	411	;# 
   307     019B                     SP1BRGL         equ	411	;# 
   308     019B                     SPBRG           equ	411	;# 
   309     019B                     SPBRGL          equ	411	;# 
   310     019C                     SP1BRGH         equ	412	;# 
   311     019C                     SPBRGH          equ	412	;# 
   312     019D                     RCSTA           equ	413	;# 
   313     019E                     TXSTA           equ	414	;# 
   314     019F                     BAUDCON         equ	415	;# 
   315     020D                     WPUB            equ	525	;# 
   316     0210                     WPUE            equ	528	;# 
   317     0211                     SSPBUF          equ	529	;# 
   318     0212                     SSPADD          equ	530	;# 
   319     0213                     SSPMSK          equ	531	;# 
   320     0214                     SSPSTAT         equ	532	;# 
   321     0215                     SSPCON1         equ	533	;# 
   322     0215                     SSPCON          equ	533	;# 
   323     0216                     SSPCON2         equ	534	;# 
   324     0217                     SSPCON3         equ	535	;# 
   325     0291                     CCPR1           equ	657	;# 
   326     0291                     CCPR1L          equ	657	;# 
   327     0292                     CCPR1H          equ	658	;# 
   328     0293                     CCP1CON         equ	659	;# 
   329     0294                     PWM1CON         equ	660	;# 
   330     0295                     CCP1AS          equ	661	;# 
   331     0295                     ECCP1AS         equ	661	;# 
   332     0296                     PSTR1CON        equ	662	;# 
   333     0298                     CCPR2           equ	664	;# 
   334     0298                     CCPR2L          equ	664	;# 
   335     0299                     CCPR2H          equ	665	;# 
   336     029A                     CCP2CON         equ	666	;# 
   337     029B                     PWM2CON         equ	667	;# 
   338     029C                     CCP2AS          equ	668	;# 
   339     029C                     ECCP2AS         equ	668	;# 
   340     029D                     PSTR2CON        equ	669	;# 
   341     029E                     CCPTMRS0        equ	670	;# 
   342     029F                     CCPTMRS1        equ	671	;# 
   343     0311                     CCPR3           equ	785	;# 
   344     0311                     CCPR3L          equ	785	;# 
   345     0312                     CCPR3H          equ	786	;# 
   346     0313                     CCP3CON         equ	787	;# 
   347     0314                     PWM3CON         equ	788	;# 
   348     0315                     CCP3AS          equ	789	;# 
   349     0315                     ECCP3AS         equ	789	;# 
   350     0316                     PSTR3CON        equ	790	;# 
   351     0318                     CCPR4           equ	792	;# 
   352     0318                     CCPR4L          equ	792	;# 
   353     0319                     CCPR4H          equ	793	;# 
   354     031A                     CCP4CON         equ	794	;# 
   355     031C                     CCPR5           equ	796	;# 
   356     031C                     CCPR5L          equ	796	;# 
   357     031D                     CCPR5H          equ	797	;# 
   358     031E                     CCP5CON         equ	798	;# 
   359     0394                     IOCBP           equ	916	;# 
   360     0395                     IOCBN           equ	917	;# 
   361     0396                     IOCBF           equ	918	;# 
   362     0415                     TMR4            equ	1045	;# 
   363     0416                     PR4             equ	1046	;# 
   364     0417                     T4CON           equ	1047	;# 
   365     041C                     TMR6            equ	1052	;# 
   366     041D                     PR6             equ	1053	;# 
   367     041E                     T6CON           equ	1054	;# 
   368     0791                     LCDCON          equ	1937	;# 
   369     0792                     LCDPS           equ	1938	;# 
   370     0793                     LCDREF          equ	1939	;# 
   371     0794                     LCDCST          equ	1940	;# 
   372     0795                     LCDRL           equ	1941	;# 
   373     0798                     LCDSE0          equ	1944	;# 
   374     0799                     LCDSE1          equ	1945	;# 
   375     07A0                     LCDDATA0        equ	1952	;# 
   376     07A1                     LCDDATA1        equ	1953	;# 
   377     07A3                     LCDDATA3        equ	1955	;# 
   378     07A4                     LCDDATA4        equ	1956	;# 
   379     07A6                     LCDDATA6        equ	1958	;# 
   380     07A7                     LCDDATA7        equ	1959	;# 
   381     07A9                     LCDDATA9        equ	1961	;# 
   382     07AA                     LCDDATA10       equ	1962	;# 
   383     0FE4                     STATUS_SHAD     equ	4068	;# 
   384     0FE5                     WREG_SHAD       equ	4069	;# 
   385     0FE6                     BSR_SHAD        equ	4070	;# 
   386     0FE7                     PCLATH_SHAD     equ	4071	;# 
   387     0FE8                     FSR0L_SHAD      equ	4072	;# 
   388     0FE9                     FSR0H_SHAD      equ	4073	;# 
   389     0FEA                     FSR1L_SHAD      equ	4074	;# 
   390     0FEB                     FSR1H_SHAD      equ	4075	;# 
   391     0FED                     STKPTR          equ	4077	;# 
   392     0FEE                     TOSL            equ	4078	;# 
   393     0FEF                     TOSH            equ	4079	;# 
   394                           
   395                           	psect	idataBANK0
   396     077D                     __pidataBANK0:
   397                           
   398                           ;initializer for main@F3282
   399     077D  3448               	retlw	72
   400     077E  3465               	retlw	101
   401     077F  346C               	retlw	108
   402     0780  346C               	retlw	108
   403     0781  346F               	retlw	111
   404     0782  3421               	retlw	33
   405     0783  3421               	retlw	33
   406     0784  340D               	retlw	13
   407     0785  340A               	retlw	10
   408     0786  3400               	retlw	0
   409     0011                     _PIR1bits       set	17
   410     008C                     _TRISAbits      set	140
   411     008E                     _TRISCbits      set	142
   412     0099                     _OSCCON         set	153
   413     010C                     _LATAbits       set	268
   414     019A                     _TXREG          set	410
   415     019D                     _RCSTAbits      set	413
   416     019B                     _SPBRG          set	411
   417     019F                     _BAUDCONbits    set	415
   418     019E                     _TXSTAbits      set	414
   419     018C                     _ANSELAbits     set	396
   420                           
   421                           	psect	cinit
   422     07F1                     start_initialization:	
   423                           ; #config settings
   424                           
   425     07F1                     __initialization:
   426                           
   427                           ; Initialize objects allocated to BANK0
   428     07F1  307D               	movlw	low __pidataBANK0
   429     07F2  0084               	movwf	4
   430     07F3  3087               	movlw	(high __pidataBANK0)| (0+128)
   431     07F4  0085               	movwf	5
   432     07F5  302D               	movlw	low __pdataBANK0
   433     07F6  0086               	movwf	6
   434     07F7  3000               	movlw	high __pdataBANK0
   435     07F8  0087               	movwf	7
   436     07F9  300A               	movlw	10
   437     07FA  3187  2777  3187   	fcall	init_ram
   438     07FD                     end_of_initialization:	
   439                           ;End of C runtime variable initialization code
   440                           
   441     07FD                     __end_of__initialization:
   442     07FD  0020               	movlb	0
   443     07FE  3187  2FAB         	ljmp	_main	;jump to C main() function
   444                           
   445                           	psect	dataBANK0
   446     002D                     __pdataBANK0:
   447     002D                     main@F3282:
   448     002D                     	ds	10
   449                           
   450                           	psect	inittext
   451     0777                     init_ram:
   452     0777  00FE               	movwf	btemp
   453     0778                     initloop:
   454     0778  0012               	moviw fsr0++
   455     0779  001E               	movwi fsr1++
   456     077A  0BFE               	decfsz	btemp,f
   457     077B  2F78               	goto	initloop
   458     077C  3400               	retlw	0
   459                           
   460                           	psect	cstackCOMMON
   461     0070                     __pcstackCOMMON:
   462     0070                     ?_USART_Init:
   463     0070                     ?_main:	
   464                           ; 1 bytes @ 0x0
   465                           
   466     0070                     ?_strlen:	
   467                           ; 1 bytes @ 0x0
   468                           
   469     0070                     strlen@s:	
   470                           ; 2 bytes @ 0x0
   471                           
   472     0070                     ??_USART_Init:	
   473                           ; 1 bytes @ 0x0
   474                           
   475                           
   476                           ; 1 bytes @ 0x0
   477     0070                     	ds	2
   478     0072                     strlen@a:
   479     0072                     ??_strlen:	
   480                           ; 1 bytes @ 0x2
   481                           
   482                           
   483                           ; 1 bytes @ 0x2
   484     0072                     	ds	1
   485     0073                     ??_main:
   486                           
   487                           ; 1 bytes @ 0x3
   488     0073                     	ds	2
   489                           
   490                           	psect	cstackBANK0
   491     0020                     __pcstackBANK0:
   492     0020                     main@Strings:
   493                           
   494                           ; 10 bytes @ 0x0
   495     0020                     	ds	10
   496     002A                     main@len:
   497                           
   498                           ; 2 bytes @ 0xA
   499     002A                     	ds	2
   500     002C                     main@i:
   501                           
   502                           ; 1 bytes @ 0xC
   503     002C                     	ds	1
   504                           
   505                           	psect	maintext
   506     07AB                     __pmaintext:	
   507 ;;
   508 ;;Main: autosize = 0, tempsize = 2, incstack = 0, save=0
   509 ;;
   510 ;; *************** function _main *****************
   511 ;; Defined at:
   512 ;;		line 35 in file "main.c"
   513 ;; Parameters:    Size  Location     Type
   514 ;;		None
   515 ;; Auto vars:     Size  Location     Type
   516 ;;  i               1   12[BANK0 ] unsigned char 
   517 ;;  Strings        10    0[BANK0 ] unsigned char [10]
   518 ;;  len             2   10[BANK0 ] unsigned int 
   519 ;; Return value:  Size  Location     Type
   520 ;;                  1    wreg      void 
   521 ;; Registers used:
   522 ;;		wreg, fsr0l, fsr0h, fsr1l, fsr1h, status,2, status,0, pclath, cstack
   523 ;; Tracked objects:
   524 ;;		On entry : B1F/0
   525 ;;		On exit  : 0/0
   526 ;;		Unchanged: 0/0
   527 ;; Data sizes:     COMMON   BANK0   BANK1   BANK2   BANK3   BANK4   BANK5   BANK6   BANK7   BANK8   BANK9  BANK10  BANK1
      +1  BANK12
   528 ;;      Params:         0       0       0       0       0       0       0       0       0       0       0       0       
      +0       0
   529 ;;      Locals:         0      13       0       0       0       0       0       0       0       0       0       0       
      +0       0
   530 ;;      Temps:          2       0       0       0       0       0       0       0       0       0       0       0       
      +0       0
   531 ;;      Totals:         2      13       0       0       0       0       0       0       0       0       0       0       
      +0       0
   532 ;;Total ram usage:       15 bytes
   533 ;; Hardware stack levels required when called: 1
   534 ;; This function calls:
   535 ;;		_USART_Init
   536 ;;		_strlen
   537 ;; This function is called by:
   538 ;;		Startup code after reset
   539 ;; This function uses a non-reentrant model
   540 ;;
   541                           
   542     07AB                     _main:	
   543                           ;psect for function _main
   544                           
   545     07AB                     l649:	
   546                           ;incstack = 0
   547                           ; Regs used in _main: [wreg-fsr1h+status,2+status,0+pclath+cstack]
   548                           
   549     07AB  3187  2787  3187   	fcall	_USART_Init
   550     07AE                     l651:
   551     07AE  0022               	movlb	2	; select bank2
   552     07AF  148C               	bsf	12,1	;volatile
   553     07B0                     l653:
   554     07B0  302D               	movlw	low main@F3282
   555     07B1  0086               	movwf	6
   556     07B2  3000               	movlw	high main@F3282
   557     07B3  0087               	movwf	7
   558     07B4  3020               	movlw	low main@Strings
   559     07B5  0084               	movwf	4
   560     07B6  3000               	movlw	high main@Strings
   561     07B7  0085               	movwf	5
   562     07B8  300A               	movlw	10
   563     07B9  00F3               	movwf	??_main
   564     07BA                     u60:
   565     07BA  0016               	moviw fsr1++
   566     07BB  001A               	movwi fsr0++
   567     07BC  0BF3               	decfsz	??_main,f
   568     07BD  2FBA               	goto	u60
   569     07BE                     l655:
   570     07BE  3020               	movlw	(low (main@Strings| 0))& (0+255)
   571     07BF  00F0               	movwf	strlen@s
   572     07C0  3187  2797  3187   	fcall	_strlen
   573     07C3  0871               	movf	?_strlen+1,w
   574     07C4  0020               	movlb	0	; select bank0
   575     07C5  00AB               	movwf	main@len+1
   576     07C6  0870               	movf	?_strlen,w
   577     07C7  00AA               	movwf	main@len
   578     07C8                     l657:
   579     07C8  01AC               	clrf	main@i
   580     07C9  2FD8               	goto	l663
   581     07CA                     l39:
   582     07CA  1E11               	btfss	17,4	;volatile
   583     07CB  2FCD               	goto	u71
   584     07CC  2FCE               	goto	u70
   585     07CD                     u71:
   586     07CD  2FCA               	goto	l39
   587     07CE                     u70:
   588     07CE                     l659:
   589     07CE  082C               	movf	main@i,w
   590     07CF  3E20               	addlw	(low (main@Strings| 0))& (0+255)
   591     07D0  0086               	movwf	6
   592     07D1  0187               	clrf	7
   593     07D2  0801               	movf	1,w
   594     07D3  0023               	movlb	3	; select bank3
   595     07D4  009A               	movwf	26	;volatile
   596     07D5                     l661:
   597     07D5  3001               	movlw	1
   598     07D6  0020               	movlb	0	; select bank0
   599     07D7  07AC               	addwf	main@i,f
   600     07D8                     l663:
   601     07D8  082C               	movf	main@i,w
   602     07D9  00F3               	movwf	??_main
   603     07DA  082B               	movf	main@len+1,w
   604     07DB  1D03               	skipz
   605     07DC  2FDF               	goto	u85
   606     07DD  082A               	movf	main@len,w
   607     07DE  0273               	subwf	??_main,w
   608     07DF                     u85:
   609     07DF  1C03               	skipc
   610     07E0  2FE2               	goto	u81
   611     07E1  2FE3               	goto	u80
   612     07E2                     u81:
   613     07E2  2FCA               	goto	l39
   614     07E3                     u80:
   615     07E3                     l665:
   616     07E3  3006               	movlw	6
   617     07E4  00F4               	movwf	??_main+1
   618     07E5  3013               	movlw	19
   619     07E6  00F3               	movwf	??_main
   620     07E7  30AE               	movlw	174
   621     07E8                     u97:
   622     07E8  0B89               	decfsz	9,f
   623     07E9  2FE8               	goto	u97
   624     07EA  0BF3               	decfsz	??_main,f
   625     07EB  2FE8               	goto	u97
   626     07EC  0BF4               	decfsz	??_main+1,f
   627     07ED  2FE8               	goto	u97
   628     07EE  2FAE               	goto	l651
   629     07EF  3180  2802         	ljmp	start
   630     07F1                     __end_of_main:
   631                           
   632                           	psect	text1
   633     0797                     __ptext1:	
   634 ;; *************** function _strlen *****************
   635 ;; Defined at:
   636 ;;		line 5 in file "C:\Program Files\Microchip\xc8\v3.10\pic\sources\c99\common\strlen.c"
   637 ;; Parameters:    Size  Location     Type
   638 ;;  s               1    0[COMMON] PTR const unsigned char 
   639 ;;		 -> main@Strings(10), 
   640 ;; Auto vars:     Size  Location     Type
   641 ;;  a               1    2[COMMON] PTR const unsigned char 
   642 ;;		 -> main@Strings(10), 
   643 ;; Return value:  Size  Location     Type
   644 ;;                  2    0[COMMON] unsigned int 
   645 ;; Registers used:
   646 ;;		wreg, fsr1l, fsr1h, status,2, status,0
   647 ;; Tracked objects:
   648 ;;		On entry : 0/0
   649 ;;		On exit  : 0/0
   650 ;;		Unchanged: 0/0
   651 ;; Data sizes:     COMMON   BANK0   BANK1   BANK2   BANK3   BANK4   BANK5   BANK6   BANK7   BANK8   BANK9  BANK10  BANK1
      +1  BANK12
   652 ;;      Params:         2       0       0       0       0       0       0       0       0       0       0       0       
      +0       0
   653 ;;      Locals:         1       0       0       0       0       0       0       0       0       0       0       0       
      +0       0
   654 ;;      Temps:          0       0       0       0       0       0       0       0       0       0       0       0       
      +0       0
   655 ;;      Totals:         3       0       0       0       0       0       0       0       0       0       0       0       
      +0       0
   656 ;;Total ram usage:        3 bytes
   657 ;; Hardware stack levels used: 1
   658 ;; This function calls:
   659 ;;		Nothing
   660 ;; This function is called by:
   661 ;;		_main
   662 ;; This function uses a non-reentrant model
   663 ;;
   664                           
   665     0797                     _strlen:	
   666                           ;psect for function _strlen
   667                           
   668     0797                     l639:	
   669                           ;incstack = 0
   670                           ; Regs used in _strlen: [wreg+fsr1l+fsr1h+status,2+status,0]
   671                           
   672     0797  0870               	movf	strlen@s,w
   673     0798  00F2               	movwf	strlen@a
   674     0799  2F9C               	goto	l643
   675     079A                     l641:
   676     079A  3001               	movlw	1
   677     079B  07F0               	addwf	strlen@s,f
   678     079C                     l643:
   679     079C  0870               	movf	strlen@s,w
   680     079D  0086               	movwf	6
   681     079E  0187               	clrf	7
   682     079F  0801               	movf	1,w
   683     07A0  1D03               	btfss	3,2
   684     07A1  2FA3               	goto	u51
   685     07A2  2FA4               	goto	u50
   686     07A3                     u51:
   687     07A3  2F9A               	goto	l641
   688     07A4                     u50:
   689     07A4                     l645:
   690     07A4  0872               	movf	strlen@a,w
   691     07A5  0270               	subwf	strlen@s,w
   692     07A6  00F0               	movwf	?_strlen
   693     07A7  01F1               	clrf	?_strlen+1
   694     07A8  1BF0               	btfsc	?_strlen,7
   695     07A9  03F1               	decf	?_strlen+1,f
   696     07AA                     l605:
   697     07AA  0008               	return
   698     07AB                     __end_of_strlen:
   699                           
   700                           	psect	text2
   701     0787                     __ptext2:	
   702 ;; *************** function _USART_Init *****************
   703 ;; Defined at:
   704 ;;		line 19 in file "main.c"
   705 ;; Parameters:    Size  Location     Type
   706 ;;		None
   707 ;; Auto vars:     Size  Location     Type
   708 ;;		None
   709 ;; Return value:  Size  Location     Type
   710 ;;                  1    wreg      void 
   711 ;; Registers used:
   712 ;;		None
   713 ;; Tracked objects:
   714 ;;		On entry : 0/0
   715 ;;		On exit  : 0/0
   716 ;;		Unchanged: 0/0
   717 ;; Data sizes:     COMMON   BANK0   BANK1   BANK2   BANK3   BANK4   BANK5   BANK6   BANK7   BANK8   BANK9  BANK10  BANK1
      +1  BANK12
   718 ;;      Params:         0       0       0       0       0       0       0       0       0       0       0       0       
      +0       0
   719 ;;      Locals:         0       0       0       0       0       0       0       0       0       0       0       0       
      +0       0
   720 ;;      Temps:          0       0       0       0       0       0       0       0       0       0       0       0       
      +0       0
   721 ;;      Totals:         0       0       0       0       0       0       0       0       0       0       0       0       
      +0       0
   722 ;;Total ram usage:        0 bytes
   723 ;; Hardware stack levels used: 1
   724 ;; This function calls:
   725 ;;		Nothing
   726 ;; This function is called by:
   727 ;;		_main
   728 ;; This function uses a non-reentrant model
   729 ;;
   730                           
   731     0787                     _USART_Init:	
   732                           ;psect for function _USART_Init
   733                           
   734     0787                     l637:	
   735                           ;incstack = 0
   736                           ; Regs used in _USART_Init: []
   737                           
   738                           
   739                           ;main.c: 20: 
   740     0787  3072               	movlw	114
   741     0788  0021               	movlb	1	; select bank1
   742     0789  0099               	movwf	25	;volatile
   743                           
   744                           ;main.c: 21:     while (1) {
   745     078A  170E               	bsf	14,6	;volatile
   746                           
   747                           ;main.c: 22:         LATAbits.LATA1 = 1;
   748     078B  178E               	bsf	14,7	;volatile
   749                           
   750                           ;main.c: 23: 
   751     078C  108C               	bcf	12,1	;volatile
   752                           
   753                           ;main.c: 24:         unsigned char Strings[] = "Hello!!\r\n";
   754     078D  0023               	movlb	3	; select bank3
   755     078E  108C               	bcf	12,1	;volatile
   756                           
   757                           ;main.c: 26: 
   758     078F  121E               	bcf	30,4	;volatile
   759                           
   760                           ;main.c: 27:         for (unsigned char i = 0; i < len; i++) {
   761     0790  151E               	bsf	30,2	;volatile
   762                           
   763                           ;main.c: 28:             while (!PIR1bits.TXIF);
   764     0791  119F               	bcf	31,3	;volatile
   765                           
   766                           ;main.c: 29:             TXREG = Strings[i];
   767     0792  3033               	movlw	51
   768     0793  009B               	movwf	27	;volatile
   769                           
   770                           ;main.c: 31:         }
   771     0794  179D               	bsf	29,7	;volatile
   772                           
   773                           ;main.c: 32:         _delay((unsigned long)((500)*(8000000UL/4000.0)));
   774     0795  169E               	bsf	30,5	;volatile
   775     0796                     l29:
   776     0796  0008               	return
   777     0797                     __end_of_USART_Init:
   778     0003                     ___latbits      equ	3
   779     007E                     btemp           set	126	;btemp
   780     007E                     btemp0          set	126
   781     007F                     btemp1          set	127
   782     007E                     wtemp0          set	126
   783     007F                     wtemp0a         set	127
   784     007F                     ttemp0a         set	127
   785     0080                     ltemp0a         set	128
   786                           
   787                           	psect	config
   788                           
   789                           ;Config register CONFIG1 @ 0x8007
   790                           ;	Oscillator Selection
   791                           ;	FOSC = INTOSC, INTOSC oscillator: I/O function on CLKIN pin
   792                           ;	Watchdog Timer Enable
   793                           ;	WDTE = OFF, WDT disabled
   794                           ;	Power-up Timer Enable
   795                           ;	PWRTE = OFF, PWRT disabled
   796                           ;	MCLR Pin Function Select
   797                           ;	MCLRE = OFF, MCLR/VPP pin function is digital input
   798                           ;	Flash Program Memory Code Protection
   799                           ;	CP = OFF, Program memory code protection is disabled
   800                           ;	Data Memory Code Protection
   801                           ;	CPD = 0x1, unprogrammed default
   802                           ;	Brown-out Reset Enable
   803                           ;	BOREN = ON, Brown-out Reset enabled
   804                           ;	Clock Out Enable
   805                           ;	CLKOUTEN = OFF, CLKOUT function is disabled. I/O or oscillator function on the CLKOUT 
      +                          pin
   806                           ;	Internal/External Switchover
   807                           ;	IESO = OFF, Internal/External Switchover mode is disabled
   808                           ;	Fail-Safe Clock Monitor Enable
   809                           ;	FCMEN = OFF, Fail-Safe Clock Monitor is disabled
   810     8007                     	org	32775
   811     8007  0FA4               	dw	4004
   812                           
   813                           ;Config register CONFIG2 @ 0x8008
   814                           ;	Flash Memory Self-Write Protection
   815                           ;	WRT = 0x3, unprogrammed default
   816                           ;	Voltage Regulator Capacitor Enable
   817                           ;	VCAPEN = 0x3, unprogrammed default
   818                           ;	PLL Enable
   819                           ;	PLLEN = 0x1, unprogrammed default
   820                           ;	Stack Overflow/Underflow Reset Enable
   821                           ;	STVREN = 0x1, unprogrammed default
   822                           ;	Brown-out Reset Voltage Selection
   823                           ;	BORV = 0x1, unprogrammed default
   824                           ;	Low-Voltage Programming Enable
   825                           ;	LVP = OFF, High-voltage on MCLR/VPP must be used for programming
   826     8008                     	org	32776
   827     8008  1FFF               	dw	8191

Data Sizes:
    Strings     0
    Constant    0
    Data        10
    BSS         0
    Persistent  48
    Stack       0

Auto Spaces:
    Space          Size  Autos    Used
    COMMON           14      5       5
    BANK0            80     13      23
    BANK1            80      0       0
    BANK2            80      0       0
    BANK3            80      0       0
    BANK4            80      0       0
    BANK5            80      0       0
    BANK6            80      0       0
    BANK7            80      0       0
    BANK8            80      0       0
    BANK9            80      0       0
    BANK10           80      0       0
    BANK11           80      0       0
    BANK12           48      0       0

Pointer List with Targets:

    strlen@a	PTR const unsigned char  size(1) Largest target is 10
		 -> main@Strings(BANK0[10]), 

    strlen@s	PTR const unsigned char  size(1) Largest target is 10
		 -> main@Strings(BANK0[10]), 


Critical Paths under _main in COMMON

    _main->_strlen

Critical Paths under _main in BANK0

    None.

Critical Paths under _main in BANK1

    None.

Critical Paths under _main in BANK2

    None.

Critical Paths under _main in BANK3

    None.

Critical Paths under _main in BANK4

    None.

Critical Paths under _main in BANK5

    None.

Critical Paths under _main in BANK6

    None.

Critical Paths under _main in BANK7

    None.

Critical Paths under _main in BANK8

    None.

Critical Paths under _main in BANK9

    None.

Critical Paths under _main in BANK10

    None.

Critical Paths under _main in BANK11

    None.

Critical Paths under _main in BANK12

    None.

Call Graph Tables:

 ---------------------------------------------------------------------------------
 (Depth) Function   	        Calls       Base Space   Used Autos Params    Refs
 ---------------------------------------------------------------------------------
 (0) _main                                                15    15      0     207
                                              3 COMMON     2     2      0
                                              0 BANK0     13    13      0
                         _USART_Init
                             _strlen
 ---------------------------------------------------------------------------------
 (1) _strlen                                               3     1      2      91
                                              0 COMMON     3     1      2
 ---------------------------------------------------------------------------------
 (1) _USART_Init                                           0     0      0       0
 ---------------------------------------------------------------------------------
 Estimated maximum stack depth 1
 ---------------------------------------------------------------------------------

 Call Graph Graphs:

 _main (ROOT)
   _USART_Init
   _strlen

Address spaces:
Name               Size   Autos  Total    Usage
BITCOMMON           14      0       0      0.0%
BITBANK0            80      0       0      0.0%
BITBANK1            80      0       0      0.0%
BITBANK2            80      0       0      0.0%
BITBANK3            80      0       0      0.0%
BITBANK4            80      0       0      0.0%
BITBANK5            80      0       0      0.0%
BITBANK6            80      0       0      0.0%
BITBANK7            80      0       0      0.0%
BITBANK8            80      0       0      0.0%
BITBANK9            80      0       0      0.0%
BITBANK10           80      0       0      0.0%
BITBANK11           80      0       0      0.0%
BITBANK12           48      0       0      0.0%
BIGRAM            1008      0       0      0.0%
COMMON              14      5       5     35.7%
BANK0               80     13      23     28.7%
BANK1               80      0       0      0.0%
BANK2               80      0       0      0.0%
BANK3               80      0       0      0.0%
BANK4               80      0       0      0.0%
BANK5               80      0       0      0.0%
BANK6               80      0       0      0.0%
BANK7               80      0       0      0.0%
BANK8               80      0       0      0.0%
BANK9               80      0       0      0.0%
BANK10              80      0       0      0.0%
BANK11              80      0       0      0.0%
BANK12              48      0       0      0.0%
STACK                0      0       0      0.0%
DATA                 0      0      28      0.0%


Microchip Technology PIC Macro Assembler V3.10 build 20250813170317 
Symbol Table                                                                                   Sun May  3 16:15:23 2026

                     l29 0796                       l39 07CA                       u50 07A4  
                     u51 07A3                       u60 07BA                       u70 07CE  
                     u71 07CD                       u80 07E3                       u81 07E2  
                     u85 07DF                       u97 07E8                      l605 07AA  
                    l641 079A                      l643 079C                      l651 07AE  
                    l637 0787                      l645 07A4                      l661 07D5  
                    l653 07B0                      l639 0797                      l663 07D8  
                    l655 07BE                      l665 07E3                      l657 07C8  
                    l649 07AB                      l659 07CE              main@Strings 0020  
                    wreg 0009                     _main 07AB                     fsr0h 0005  
                   fsr1h 0007                     fsr0l 0004                     indf1 0001  
                   fsr1l 0006                     btemp 007E                     start 0002  
                  ?_main 0070                    _SPBRG 019B                    _TXREG 019A  
                  btemp0 007E                    btemp1 007F                    main@i 002C  
                  status 0003                    wtemp0 007E              ?_USART_Init 0070  
        __initialization 07F1             __end_of_main 07F1                   ??_main 0073  
                 _OSCCON 0099                   _strlen 0797                   ltemp0a 0080  
                 ttemp0a 007F                   wtemp0a 007F  __end_of__initialization 07FD  
         __pcstackCOMMON 0070             __pidataBANK0 077D               __pmaintext 07AB  
                ?_strlen 0070             ??_USART_Init 0070                  __ptext1 0797  
                __ptext2 0787       __end_of_USART_Init 0797                  main@len 002A  
   end_of_initialization 07FD                  init_ram 0777                  initloop 0778  
              _RCSTAbits 019D                  strlen@a 0072                  strlen@s 0070  
              _TRISAbits 008C                _TRISCbits 008E                _TXSTAbits 019E  
            _BAUDCONbits 019F           __end_of_strlen 07AB      start_initialization 07F1  
            __pdataBANK0 002D                 ??_strlen 0072                ___latbits 0003  
          __pcstackBANK0 0020                 _LATAbits 010C                 _PIR1bits 0011  
              main@F3282 002D               _ANSELAbits 018C               _USART_Init 0787  
